2026-05-11 19:42:56 URL:http://deb.debian.org/debian/dists/stable/InRelease [140417/140417] -> "/data/data/com.termux/files/home/devstick/rootfs/debian/var/lib/apt/lists/partial/deb.debian.org_debian_dists_stable_InRelease" [1]
2026-05-11 19:43:05 URL:http://deb.debian.org/debian/dists/stable/main/binary-arm64/by-hash/SHA256/26538de7144bee5272d161aecd966d3bd3abf6f3a17ad2d8215dfa6b97b70420 [9606892/9606892] -> "/data/data/com.termux/files/home/devstick/rootfs/debian/var/lib/apt/lists/partial/deb.debian.org_debian_dists_stable_main_binary-arm64_Packages.xz" [1]
2026-05-11 19:44:10 URL:http://deb.debian.org/debian/pool/main/a/apt/apt_3.0.3_arm64.deb [1361960/1361960] -> "/data/data/com.termux/files/home/devstick/rootfs/debian//var/cache/apt/archives/partial/apt_3.0.3_arm64.deb" [1]
2026-05-11 19:44:11 URL:http://deb.debian.org/debian/pool/main/b/base-files/base-files_13.8+deb13u4_arm64.deb [73240/73240] -> "/data/data/com.termux/files/home/devstick/rootfs/debian//var/cache/apt/archives/partial/base-files_13.8+deb13u4_arm64.deb" [1]
2026-05-11 19:44:12 URL:http://deb.debian.org/debian/pool/main/b/base-passwd/base-passwd_3.6.7_arm64.deb [53392/53392] -> "/data/data/com.termux/files/home/devstick/rootfs/debian//var/cache/apt/archives/partial/base-passwd_3.6.7_arm64.deb" [1]
2026-05-11 19:44:14 URL:http://deb.debian.org/debian/pool/main/b/bash/bash_5.2.37-2+b8_arm64.deb [1456500/1456500] -> "/data/data/com.termux/files/home/devstick/rootfs/debian//var/cache/apt/archives/partial/bash_5.2.37-2+b8_arm64.deb" [1]
2026-05-11 19:44:14 URL:http://deb.debian.org/debian/pool/main/u/util-linux/bsdutils_2.41-5_arm64.deb [109072/109072] -> "/data/data/com.termux/files/home/devstick/rootfs/debian//var/cache/apt/archives/partial/bsdutils_1%3a2.41-5_arm64.deb" [1]
2026-05-11 19:44:17 URL:http://deb.debian.org/debian/pool/main/c/coreutils/coreutils_9.7-3_arm64.deb [2948764/2948764] -> "/data/data/com.termux/files/home/devstick/rootfs/debian//var/cache/apt/archives/partial/coreutils_9.7-3_arm64.deb" [1]
2026-05-11 19:44:18 URL:http://deb.debian.org/debian/pool/main/d/dash/dash_0.5.12-12_arm64.deb [95648/95648] -> "/data/data/com.termux/files/home/devstick/rootfs/debian//var/cache/apt/archives/partial/dash_0.5.12-12_arm64.deb" [1]
2026-05-11 19:44:19 URL:http://deb.debian.org/debian/pool/main/d/debconf/debconf_1.5.91_all.deb [121088/121088] -> "/data/data/com.termux/files/home/devstick/rootfs/debian//var/cache/apt/archives/partial/debconf_1.5.91_all.deb" [1]
2026-05-11 19:44:19 URL:http://deb.debian.org/debian/pool/main/d/debian-archive-keyring/debian-archive-keyring_2025.1_all.deb [179244/179244] -> "/data/data/com.termux/files/home/devstick/rootfs/debian//var/cache/apt/archives/partial/debian-archive-keyring_2025.1_all.deb" [1]
2026-05-11 19:44:20 URL:http://deb.debian.org/debian/pool/main/d/debianutils/debianutils_5.23.2_arm64.deb [92412/92412] -> "/data/data/com.termux/files/home/devstick/rootfs/debian//var/cache/apt/archives/partial/debianutils_5.23.2_arm64.deb" [1]
2026-05-11 19:44:21 URL:http://deb.debian.org/debian/pool/main/d/diffutils/diffutils_3.10-4_arm64.deb [377920/377920] -> "/data/data/com.termux/files/home/devstick/rootfs/debian//var/cache/apt/archives/partial/diffutils_1%3a3.10-4_arm64.deb" [1]
2026-05-11 19:44:23 URL:http://deb.debian.org/debian/pool/main/d/dpkg/dpkg_1.22.22_arm64.deb [1521436/1521436] -> "/data/data/com.termux/files/home/devstick/rootfs/debian//var/cache/apt/archives/partial/dpkg_1.22.22_arm64.deb" [1]
2026-05-11 19:44:24 URL:http://deb.debian.org/debian/pool/main/f/findutils/findutils_4.10.0-3_arm64.deb [695700/695700] -> "/data/data/com.termux/files/home/devstick/rootfs/debian//var/cache/apt/archives/partial/findutils_4.10.0-3_arm64.deb" [1]
2026-05-11 19:44:24 URL:http://deb.debian.org/debian/pool/main/g/gcc-14/gcc-14-base_14.2.0-19_arm64.deb [49444/49444] -> "/data/data/com.termux/files/home/devstick/rootfs/debian//var/cache/apt/archives/partial/gcc-14-base_14.2.0-19_arm64.deb" [1]
2026-05-11 19:44:25 URL:http://deb.debian.org/debian/pool/main/g/grep/grep_3.11-4+b1_arm64.deb [426128/426128] -> "/data/data/com.termux/files/home/devstick/rootfs/debian//var/cache/apt/archives/partial/grep_3.11-4+b1_arm64.deb" [1]
2026-05-11 19:44:26 URL:http://deb.debian.org/debian/pool/main/g/gzip/gzip_1.13-1_arm64.deb [135008/135008] -> "/data/data/com.termux/files/home/devstick/rootfs/debian//var/cache/apt/archives/partial/gzip_1.13-1_arm64.deb" [1]
2026-05-11 19:44:26 URL:http://deb.debian.org/debian/pool/main/h/hostname/hostname_3.25_arm64.deb [10808/10808] -> "/data/data/com.termux/files/home/devstick/rootfs/debian//var/cache/apt/archives/partial/hostname_3.25_arm64.deb" [1]
2026-05-11 19:44:27 URL:http://deb.debian.org/debian/pool/main/i/init-system-helpers/init-system-helpers_1.69~deb13u1_all.deb [39360/39360] -> "/data/data/com.termux/files/home/devstick/rootfs/debian//var/cache/apt/archives/partial/init-system-helpers_1.69~deb13u1_all.deb" [1]
2026-05-11 19:44:28 URL:http://deb.debian.org/debian/pool/main/a/acl/libacl1_2.3.2-2+b1_arm64.deb [32216/32216] -> "/data/data/com.termux/files/home/devstick/rootfs/debian//var/cache/apt/archives/partial/libacl1_2.3.2-2+b1_arm64.deb" [1]
2026-05-11 19:44:29 URL:http://deb.debian.org/debian/pool/main/a/apt/libapt-pkg7.0_3.0.3_arm64.deb [978112/978112] -> "/data/data/com.termux/files/home/devstick/rootfs/debian//var/cache/apt/archives/partial/libapt-pkg7.0_3.0.3_arm64.deb" [1]
2026-05-11 19:44:30 URL:http://deb.debian.org/debian/pool/main/a/attr/libattr1_2.5.2-3_arm64.deb [22664/22664] -> "/data/data/com.termux/files/home/devstick/rootfs/debian//var/cache/apt/archives/partial/libattr1_1%3a2.5.2-3_arm64.deb" [1]
2026-05-11 19:44:30 URL:http://deb.debian.org/debian/pool/main/a/audit/libaudit-common_4.0.2-2_all.deb [12692/12692] -> "/data/data/com.termux/files/home/devstick/rootfs/debian//var/cache/apt/archives/partial/libaudit-common_1%3a4.0.2-2_all.deb" [1]
2026-05-11 19:44:31 URL:http://deb.debian.org/debian/pool/main/a/audit/libaudit1_4.0.2-2+b2_arm64.deb [54568/54568] -> "/data/data/com.termux/files/home/devstick/rootfs/debian//var/cache/apt/archives/partial/libaudit1_1%3a4.0.2-2+b2_arm64.deb" [1]
2026-05-11 19:44:31 URL:http://deb.debian.org/debian/pool/main/u/util-linux/libblkid1_2.41-5_arm64.deb [165512/165512] -> "/data/data/com.termux/files/home/devstick/rootfs/debian//var/cache/apt/archives/partial/libblkid1_2.41-5_arm64.deb" [1]
2026-05-11 19:44:32 URL:http://deb.debian.org/debian/pool/main/libb/libbsd/libbsd0_0.12.2-2_arm64.deb [128944/128944] -> "/data/data/com.termux/files/home/devstick/rootfs/debian//var/cache/apt/archives/partial/libbsd0_0.12.2-2_arm64.deb" [1]
2026-05-11 19:44:32 URL:http://deb.debian.org/debian/pool/main/b/bzip2/libbz2-1.0_1.0.8-6_arm64.deb [37772/37772] -> "/data/data/com.termux/files/home/devstick/rootfs/debian//var/cache/apt/archives/partial/libbz2-1.0_1.0.8-6_arm64.deb" [1]
2026-05-11 19:44:33 URL:http://deb.debian.org/debian/pool/main/g/glibc/libc-bin_2.41-12+deb13u2_arm64.deb [551708/551708] -> "/data/data/com.termux/files/home/devstick/rootfs/debian//var/cache/apt/archives/partial/libc-bin_2.41-12+deb13u2_arm64.deb" [1]
2026-05-11 19:44:37 URL:http://deb.debian.org/debian/pool/main/g/glibc/libc6_2.41-12+deb13u2_arm64.deb [2483700/2483700] -> "/data/data/com.termux/files/home/devstick/rootfs/debian//var/cache/apt/archives/partial/libc6_2.41-12+deb13u2_arm64.deb" [1]
2026-05-11 19:44:38 URL:http://deb.debian.org/debian/pool/main/libc/libcap-ng/libcap-ng0_0.8.5-4+b1_arm64.deb [17032/17032] -> "/data/data/com.termux/files/home/devstick/rootfs/debian//var/cache/apt/archives/partial/libcap-ng0_0.8.5-4+b1_arm64.deb" [1]
2026-05-11 19:44:38 URL:http://deb.debian.org/debian/pool/main/libc/libcap2/libcap2_2.75-10+b8_arm64.deb [28188/28188] -> "/data/data/com.termux/files/home/devstick/rootfs/debian//var/cache/apt/archives/partial/libcap2_1%3a2.75-10+b8_arm64.deb" [1]
2026-05-11 19:44:39 URL:http://deb.debian.org/debian/pool/main/libx/libxcrypt/libcrypt1_4.4.38-1_arm64.deb [91760/91760] -> "/data/data/com.termux/files/home/devstick/rootfs/debian//var/cache/apt/archives/partial/libcrypt1_1%3a4.4.38-1_arm64.deb" [1]
2026-05-11 19:44:40 URL:http://deb.debian.org/debian/pool/main/d/db5.3/libdb5.3t64_5.3.28+dfsg2-9_arm64.deb [629132/629132] -> "/data/data/com.termux/files/home/devstick/rootfs/debian//var/cache/apt/archives/partial/libdb5.3t64_5.3.28+dfsg2-9_arm64.deb" [1]
2026-05-11 19:44:40 URL:http://deb.debian.org/debian/pool/main/c/cdebconf/libdebconfclient0_0.280_arm64.deb [10784/10784] -> "/data/data/com.termux/files/home/devstick/rootfs/debian//var/cache/apt/archives/partial/libdebconfclient0_0.280_arm64.deb" [1]
2026-05-11 19:44:41 URL:http://deb.debian.org/debian/pool/main/g/gcc-14/libgcc-s1_14.2.0-19_arm64.deb [54104/54104] -> "/data/data/com.termux/files/home/devstick/rootfs/debian//var/cache/apt/archives/partial/libgcc-s1_14.2.0-19_arm64.deb" [1]
2026-05-11 19:44:42 URL:http://deb.debian.org/debian/pool/main/g/gmp/libgmp10_6.3.0+dfsg-3_arm64.deb [535088/535088] -> "/data/data/com.termux/files/home/devstick/rootfs/debian//var/cache/apt/archives/partial/libgmp10_2%3a6.3.0+dfsg-3_arm64.deb" [1]
2026-05-11 19:44:43 URL:http://deb.debian.org/debian/pool/main/n/nettle/libhogweed6t64_3.10.1-1_arm64.deb [331628/331628] -> "/data/data/com.termux/files/home/devstick/rootfs/debian//var/cache/apt/archives/partial/libhogweed6t64_3.10.1-1_arm64.deb" [1]
2026-05-11 19:44:44 URL:http://deb.debian.org/debian/pool/main/u/util-linux/liblastlog2-2_2.41-5_arm64.deb [28328/28328] -> "/data/data/com.termux/files/home/devstick/rootfs/debian//var/cache/apt/archives/partial/liblastlog2-2_2.41-5_arm64.deb" [1]
2026-05-11 19:44:44 URL:http://deb.debian.org/debian/pool/main/l/lz4/liblz4-1_1.10.0-4_arm64.deb [59988/59988] -> "/data/data/com.termux/files/home/devstick/rootfs/debian//var/cache/apt/archives/partial/liblz4-1_1.10.0-4_arm64.deb" [1]
2026-05-11 19:44:45 URL:http://deb.debian.org/debian/pool/main/x/xz-utils/liblzma5_5.8.1-1_arm64.deb [302620/302620] -> "/data/data/com.termux/files/home/devstick/rootfs/debian//var/cache/apt/archives/partial/liblzma5_5.8.1-1_arm64.deb" [1]
2026-05-11 19:44:46 URL:http://deb.debian.org/debian/pool/main/libm/libmd/libmd0_1.1.0-2+b1_arm64.deb [33664/33664] -> "/data/data/com.termux/files/home/devstick/rootfs/debian//var/cache/apt/archives/partial/libmd0_1.1.0-2+b1_arm64.deb" [1]
2026-05-11 19:44:48 URL:http://deb.debian.org/debian/pool/main/u/util-linux/libmount1_2.41-5_arm64.deb [198880/198880] -> "/data/data/com.termux/files/home/devstick/rootfs/debian//var/cache/apt/archives/partial/libmount1_2.41-5_arm64.deb" [1]
2026-05-11 19:44:49 URL:http://deb.debian.org/debian/pool/main/n/nettle/libnettle8t64_3.10.1-1_arm64.deb [310548/310548] -> "/data/data/com.termux/files/home/devstick/rootfs/debian//var/cache/apt/archives/partial/libnettle8t64_3.10.1-1_arm64.deb" [1]
2026-05-11 19:44:49 URL:http://deb.debian.org/debian/pool/main/p/pam/libpam-modules_1.7.0-5_arm64.deb [172452/172452] -> "/data/data/com.termux/files/home/devstick/rootfs/debian//var/cache/apt/archives/partial/libpam-modules_1.7.0-5_arm64.deb" [1]
2026-05-11 19:44:50 URL:http://deb.debian.org/debian/pool/main/p/pam/libpam-modules-bin_1.7.0-5_arm64.deb [48272/48272] -> "/data/data/com.termux/files/home/devstick/rootfs/debian//var/cache/apt/archives/partial/libpam-modules-bin_1.7.0-5_arm64.deb" [1]
2026-05-11 19:44:51 URL:http://deb.debian.org/debian/pool/main/p/pam/libpam-runtime_1.7.0-5_all.deb [248720/248720] -> "/data/data/com.termux/files/home/devstick/rootfs/debian//var/cache/apt/archives/partial/libpam-runtime_1.7.0-5_all.deb" [1]
2026-05-11 19:44:52 URL:http://deb.debian.org/debian/pool/main/p/pam/libpam0g_1.7.0-5_arm64.deb [68776/68776] -> "/data/data/com.termux/files/home/devstick/rootfs/debian//var/cache/apt/archives/partial/libpam0g_1.7.0-5_arm64.deb" [1]
2026-05-11 19:44:53 URL:http://deb.debian.org/debian/pool/main/p/pcre2/libpcre2-8-0_10.46-1~deb13u1_arm64.deb [262004/262004] -> "/data/data/com.termux/files/home/devstick/rootfs/debian//var/cache/apt/archives/partial/libpcre2-8-0_10.46-1~deb13u1_arm64.deb" [1]
2026-05-11 19:44:54 URL:http://deb.debian.org/debian/pool/main/libs/libseccomp/libseccomp2_2.6.0-2_arm64.deb [51012/51012] -> "/data/data/com.termux/files/home/devstick/rootfs/debian//var/cache/apt/archives/partial/libseccomp2_2.6.0-2_arm64.deb" [1]
2026-05-11 19:44:55 URL:http://deb.debian.org/debian/pool/main/libs/libselinux/libselinux1_3.8.1-1_arm64.deb [79352/79352] -> "/data/data/com.termux/files/home/devstick/rootfs/debian//var/cache/apt/archives/partial/libselinux1_3.8.1-1_arm64.deb" [1]
2026-05-11 19:44:56 URL:http://deb.debian.org/debian/pool/main/libs/libsemanage/libsemanage-common_3.8.1-1_all.deb [7812/7812] -> "/data/data/com.termux/files/home/devstick/rootfs/debian//var/cache/apt/archives/partial/libsemanage-common_3.8.1-1_all.deb" [1]
2026-05-11 19:44:57 URL:http://deb.debian.org/debian/pool/main/libs/libsemanage/libsemanage2_3.8.1-1_arm64.deb [87840/87840] -> "/data/data/com.termux/files/home/devstick/rootfs/debian//var/cache/apt/archives/partial/libsemanage2_3.8.1-1_arm64.deb" [1]
2026-05-11 19:44:58 URL:http://deb.debian.org/debian/pool/main/libs/libsepol/libsepol2_3.8.1-1_arm64.deb [266256/266256] -> "/data/data/com.termux/files/home/devstick/rootfs/debian//var/cache/apt/archives/partial/libsepol2_3.8.1-1_arm64.deb" [1]
2026-05-11 19:44:58 URL:http://deb.debian.org/debian/pool/main/u/util-linux/libsmartcols1_2.41-5_arm64.deb [138688/138688] -> "/data/data/com.termux/files/home/devstick/rootfs/debian//var/cache/apt/archives/partial/libsmartcols1_2.41-5_arm64.deb" [1]
2026-05-11 19:45:00 URL:http://deb.debian.org/debian/pool/main/s/sqlite3/libsqlite3-0_3.46.1-7+deb13u1_arm64.deb [853772/853772] -> "/data/data/com.termux/files/home/devstick/rootfs/debian//var/cache/apt/archives/partial/libsqlite3-0_3.46.1-7+deb13u1_arm64.deb" [1]
2026-05-11 19:45:03 URL:http://deb.debian.org/debian/pool/main/o/openssl/libssl3t64_3.5.5-1~deb13u1_arm64.deb [2753860/2753860] -> "/data/data/com.termux/files/home/devstick/rootfs/debian//var/cache/apt/archives/partial/libssl3t64_3.5.5-1~deb13u1_arm64.deb" [1]
2026-05-11 19:45:04 URL:http://deb.debian.org/debian/pool/main/g/gcc-14/libstdc++6_14.2.0-19_arm64.deb [637536/637536] -> "/data/data/com.termux/files/home/devstick/rootfs/debian//var/cache/apt/archives/partial/libstdc++6_14.2.0-19_arm64.deb" [1]
2026-05-11 19:45:04 URL:http://deb.debian.org/debian/pool/main/s/systemd/libsystemd0_257.9-1~deb13u1_arm64.deb [421444/421444] -> "/data/data/com.termux/files/home/devstick/rootfs/debian//var/cache/apt/archives/partial/libsystemd0_257.9-1~deb13u1_arm64.deb" [1]
2026-05-11 19:45:05 URL:http://deb.debian.org/debian/pool/main/n/ncurses/libtinfo6_6.5+20250216-2_arm64.deb [341360/341360] -> "/data/data/com.termux/files/home/devstick/rootfs/debian//var/cache/apt/archives/partial/libtinfo6_6.5+20250216-2_arm64.deb" [1]
2026-05-11 19:45:06 URL:http://deb.debian.org/debian/pool/main/s/systemd/libudev1_257.9-1~deb13u1_arm64.deb [144152/144152] -> "/data/data/com.termux/files/home/devstick/rootfs/debian//var/cache/apt/archives/partial/libudev1_257.9-1~deb13u1_arm64.deb" [1]
2026-05-11 19:45:07 URL:http://deb.debian.org/debian/pool/main/u/util-linux/libuuid1_2.41-5_arm64.deb [37412/37412] -> "/data/data/com.termux/files/home/devstick/rootfs/debian//var/cache/apt/archives/partial/libuuid1_2.41-5_arm64.deb" [1]
2026-05-11 19:45:07 URL:http://deb.debian.org/debian/pool/main/x/xxhash/libxxhash0_0.8.3-2_arm64.deb [22276/22276] -> "/data/data/com.termux/files/home/devstick/rootfs/debian//var/cache/apt/archives/partial/libxxhash0_0.8.3-2_arm64.deb" [1]
2026-05-11 19:45:08 URL:http://deb.debian.org/debian/pool/main/libz/libzstd/libzstd1_1.5.7+dfsg-1_arm64.deb [266052/266052] -> "/data/data/com.termux/files/home/devstick/rootfs/debian//var/cache/apt/archives/partial/libzstd1_1.5.7+dfsg-1_arm64.deb" [1]
2026-05-11 19:45:09 URL:http://deb.debian.org/debian/pool/main/u/util-linux/login_4.16.0-2+really2.41-5_arm64.deb [113812/113812] -> "/data/data/com.termux/files/home/devstick/rootfs/debian//var/cache/apt/archives/partial/login_1%3a4.16.0-2+really2.41-5_arm64.deb" [1]
2026-05-11 19:45:10 URL:http://deb.debian.org/debian/pool/main/s/shadow/login.defs_4.17.4-2_all.deb [186124/186124] -> "/data/data/com.termux/files/home/devstick/rootfs/debian//var/cache/apt/archives/partial/login.defs_1%3a4.17.4-2_all.deb" [1]
2026-05-11 19:45:11 URL:http://deb.debian.org/debian/pool/main/m/mawk/mawk_1.3.4.20250131-1_arm64.deb [133820/133820] -> "/data/data/com.termux/files/home/devstick/rootfs/debian//var/cache/apt/archives/partial/mawk_1.3.4.20250131-1_arm64.deb" [1]
2026-05-11 19:45:12 URL:http://deb.debian.org/debian/pool/main/u/util-linux/mount_2.41-5_arm64.deb [160584/160584] -> "/data/data/com.termux/files/home/devstick/rootfs/debian//var/cache/apt/archives/partial/mount_2.41-5_arm64.deb" [1]
2026-05-11 19:45:13 URL:http://deb.debian.org/debian/pool/main/n/ncurses/ncurses-base_6.5+20250216-2_all.deb [273216/273216] -> "/data/data/com.termux/files/home/devstick/rootfs/debian//var/cache/apt/archives/partial/ncurses-base_6.5+20250216-2_all.deb" [1]
2026-05-11 19:45:14 URL:http://deb.debian.org/debian/pool/main/n/ncurses/ncurses-bin_6.5+20250216-2_arm64.deb [432224/432224] -> "/data/data/com.termux/files/home/devstick/rootfs/debian//var/cache/apt/archives/partial/ncurses-bin_6.5+20250216-2_arm64.deb" [1]
2026-05-11 19:45:15 URL:http://deb.debian.org/debian/pool/main/o/openssl/openssl-provider-legacy_3.5.5-1~deb13u1_arm64.deb [308224/308224] -> "/data/data/com.termux/files/home/devstick/rootfs/debian//var/cache/apt/archives/partial/openssl-provider-legacy_3.5.5-1~deb13u1_arm64.deb" [1]
2026-05-11 19:45:17 URL:http://deb.debian.org/debian/pool/main/s/shadow/passwd_4.17.4-2_arm64.deb [1205920/1205920] -> "/data/data/com.termux/files/home/devstick/rootfs/debian//var/cache/apt/archives/partial/passwd_1%3a4.17.4-2_arm64.deb" [1]
2026-05-11 19:45:18 URL:http://deb.debian.org/debian/pool/main/p/perl/perl-base_5.40.1-6_arm64.deb [1526636/1526636] -> "/data/data/com.termux/files/home/devstick/rootfs/debian//var/cache/apt/archives/partial/perl-base_5.40.1-6_arm64.deb" [1]
2026-05-11 19:45:19 URL:http://deb.debian.org/debian/pool/main/s/sed/sed_4.9-2+b1_arm64.deb [325968/325968] -> "/data/data/com.termux/files/home/devstick/rootfs/debian//var/cache/apt/archives/partial/sed_4.9-2+b1_arm64.deb" [1]
2026-05-11 19:45:20 URL:http://deb.debian.org/debian/pool/main/r/rust-sequoia-sqv/sqv_1.3.0-3+b2_arm64.deb [611508/611508] -> "/data/data/com.termux/files/home/devstick/rootfs/debian//var/cache/apt/archives/partial/sqv_1.3.0-3+b2_arm64.deb" [1]
2026-05-11 19:45:20 URL:http://deb.debian.org/debian/pool/main/s/sysvinit/sysvinit-utils_3.14-4_arm64.deb [33960/33960] -> "/data/data/com.termux/files/home/devstick/rootfs/debian//var/cache/apt/archives/partial/sysvinit-utils_3.14-4_arm64.deb" [1]
2026-05-11 19:45:21 URL:http://deb.debian.org/debian/pool/main/t/tar/tar_1.35+dfsg-3.1_arm64.deb [802008/802008] -> "/data/data/com.termux/files/home/devstick/rootfs/debian//var/cache/apt/archives/partial/tar_1.35+dfsg-3.1_arm64.deb" [1]
2026-05-11 19:45:22 URL:http://deb.debian.org/debian/pool/main/t/tzdata/tzdata_2026a-0+deb13u1_all.deb [263724/263724] -> "/data/data/com.termux/files/home/devstick/rootfs/debian//var/cache/apt/archives/partial/tzdata_2026a-0+deb13u1_all.deb" [1]
2026-05-11 19:45:24 URL:http://deb.debian.org/debian/pool/main/u/util-linux/util-linux_2.41-5_arm64.deb [1191312/1191312] -> "/data/data/com.termux/files/home/devstick/rootfs/debian//var/cache/apt/archives/partial/util-linux_2.41-5_arm64.deb" [1]
2026-05-11 19:45:24 URL:http://deb.debian.org/debian/pool/main/z/zlib/zlib1g_1.3.dfsg+really1.3.1-1+b1_arm64.deb [85116/85116] -> "/data/data/com.termux/files/home/devstick/rootfs/debian//var/cache/apt/archives/partial/zlib1g_1%3a1.3.dfsg+really1.3.1-1+b1_arm64.deb" [1]
dpkg: warning: parsing file '/var/lib/dpkg/status' near line 5 package 'dpkg':
 missing 'Description' field
dpkg: warning: parsing file '/var/lib/dpkg/status' near line 5 package 'dpkg':
 missing 'Architecture' field
Selecting previously unselected package base-passwd.
(Reading database ... 0 files and directories currently installed.)
Preparing to unpack .../base-passwd_3.6.7_arm64.deb ...
Unpacking base-passwd (3.6.7) ...
dpkg: base-passwd: dependency problems, but configuring anyway as you requested:
 base-passwd depends on libc6 (>= 2.34); however:
  Package libc6 is not installed.
 base-passwd depends on libdebconfclient0 (>= 0.145); however:
  Package libdebconfclient0 is not installed.
 base-passwd depends on libselinux1 (>= 3.1~); however:
  Package libselinux1 is not installed.

Setting up base-passwd (3.6.7) ...
dpkg: warning: parsing file '/var/lib/dpkg/status' near line 24 package 'dpkg':
 missing 'Description' field
dpkg: warning: parsing file '/var/lib/dpkg/status' near line 24 package 'dpkg':
 missing 'Architecture' field
Selecting previously unselected package base-files.
dpkg: regarding .../base-files_13.8+deb13u4_arm64.deb containing base-files, pre-dependency problem:
 base-files pre-depends on awk
  awk is not installed.

dpkg: warning: ignoring pre-dependency problem!
(Reading database ... 44 files and directories currently installed.)
Preparing to unpack .../base-files_13.8+deb13u4_arm64.deb ...
dpkg-divert: warning: parsing file '/var/lib/dpkg/status' near line 24 package 'dpkg':
 missing 'Description' field
dpkg-divert: warning: parsing file '/var/lib/dpkg/status' near line 24 package 'dpkg':
 missing 'Architecture' field
dpkg-divert: warning: parsing file '/var/lib/dpkg/status' near line 24 package 'dpkg':
 missing 'Description' field
dpkg-divert: warning: parsing file '/var/lib/dpkg/status' near line 24 package 'dpkg':
 missing 'Architecture' field
dpkg-divert: warning: parsing file '/var/lib/dpkg/status' near line 24 package 'dpkg':
 missing 'Description' field
dpkg-divert: warning: parsing file '/var/lib/dpkg/status' near line 24 package 'dpkg':
 missing 'Architecture' field
dpkg-divert: warning: parsing file '/var/lib/dpkg/status' near line 24 package 'dpkg':
 missing 'Description' field
dpkg-divert: warning: parsing file '/var/lib/dpkg/status' near line 24 package 'dpkg':
 missing 'Architecture' field
Unpacking base-files (13.8+deb13u4) ...
dpkg: base-files: dependency problems, but configuring anyway as you requested:
 base-files depends on awk; however:
  Package awk is not installed.

Setting up base-files (13.8+deb13u4) ...
dpkg: warning: parsing file '/var/lib/dpkg/status' near line 51 package 'dpkg':
 missing 'Description' field
dpkg: warning: parsing file '/var/lib/dpkg/status' near line 51 package 'dpkg':
 missing 'Architecture' field
dpkg: regarding .../dpkg_1.22.22_arm64.deb containing dpkg, pre-dependency problem:
 dpkg pre-depends on libbz2-1.0
  libbz2-1.0 is not installed.

dpkg: warning: ignoring pre-dependency problem!
dpkg: regarding .../dpkg_1.22.22_arm64.deb containing dpkg, pre-dependency problem:
 dpkg pre-depends on libc6 (>= 2.38)
  libc6 is not installed.

dpkg: warning: ignoring pre-dependency problem!
dpkg: regarding .../dpkg_1.22.22_arm64.deb containing dpkg, pre-dependency problem:
 dpkg pre-depends on liblzma5 (>= 5.4.0)
  liblzma5 is not installed.

dpkg: warning: ignoring pre-dependency problem!
dpkg: regarding .../dpkg_1.22.22_arm64.deb containing dpkg, pre-dependency problem:
 dpkg pre-depends on libmd0 (>= 0.0.0)
  libmd0 is not installed.

dpkg: warning: ignoring pre-dependency problem!
dpkg: regarding .../dpkg_1.22.22_arm64.deb containing dpkg, pre-dependency problem:
 dpkg pre-depends on libselinux1 (>= 3.1~)
  libselinux1 is not installed.

dpkg: warning: ignoring pre-dependency problem!
dpkg: regarding .../dpkg_1.22.22_arm64.deb containing dpkg, pre-dependency problem:
 dpkg pre-depends on libzstd1 (>= 1.5.5)
  libzstd1 is not installed.

dpkg: warning: ignoring pre-dependency problem!
dpkg: regarding .../dpkg_1.22.22_arm64.deb containing dpkg, pre-dependency problem:
 dpkg pre-depends on zlib1g (>= 1:1.1.4)
  zlib1g is not installed.

dpkg: warning: ignoring pre-dependency problem!
(Reading database ... 137 files and directories currently installed.)
Preparing to unpack .../dpkg_1.22.22_arm64.deb ...
Unpacking dpkg (1.22.22) over (1.22.22) ...
dpkg: dpkg: dependency problems, but configuring anyway as you requested:
 dpkg depends on libbz2-1.0; however:
  Package libbz2-1.0 is not installed.
 dpkg depends on libc6 (>= 2.38); however:
  Package libc6 is not installed.
 dpkg depends on liblzma5 (>= 5.4.0); however:
  Package liblzma5 is not installed.
 dpkg depends on libmd0 (>= 0.0.0); however:
  Package libmd0 is not installed.
 dpkg depends on libselinux1 (>= 3.1~); however:
  Package libselinux1 is not installed.
 dpkg depends on libzstd1 (>= 1.5.5); however:
  Package libzstd1 is not installed.
 dpkg depends on zlib1g (>= 1:1.1.4); however:
  Package zlib1g is not installed.
 dpkg depends on tar (>= 1.28-1); however:
  Package tar is not installed.

Setting up dpkg (1.22.22) ...
Selecting previously unselected package libc6:arm64.
(Reading database ... 414 files and directories currently installed.)
Preparing to unpack .../libc6_2.41-12+deb13u2_arm64.deb ...
Unpacking libc6:arm64 (2.41-12+deb13u2) ...
dpkg: libc6:arm64: dependency problems, but configuring anyway as you requested:
 libc6:arm64 depends on libgcc-s1; however:
  Package libgcc-s1 is not installed.

Setting up libc6:arm64 (2.41-12+deb13u2) ...
Selecting previously unselected package perl-base.
dpkg: regarding .../perl-base_5.40.1-6_arm64.deb containing perl-base, pre-dependency problem:
 perl-base pre-depends on libcrypt1 (>= 1:4.1.0)
  libcrypt1 is not installed.

dpkg: warning: ignoring pre-dependency problem!
(Reading database ... 707 files and directories currently installed.)
Preparing to unpack .../perl-base_5.40.1-6_arm64.deb ...
Unpacking perl-base (5.40.1-6) ...
dpkg: perl-base: dependency problems, but configuring anyway as you requested:
 perl-base depends on libcrypt1 (>= 1:4.1.0); however:
  Package libcrypt1 is not installed.

Setting up perl-base (5.40.1-6) ...
Selecting previously unselected package mawk.
(Reading database ... 1440 files and directories currently installed.)
Preparing to unpack .../mawk_1.3.4.20250131-1_arm64.deb ...
Unpacking mawk (1.3.4.20250131-1) ...
Setting up mawk (1.3.4.20250131-1) ...
update-alternatives: using /usr/bin/mawk to provide /usr/bin/awk (awk) in auto mode
Selecting previously unselected package apt.
(Reading database ... 1462 files and directories currently installed.)
Preparing to unpack .../archives/apt_3.0.3_arm64.deb ...
Unpacking apt (3.0.3) ...
Preparing to unpack .../base-files_13.8+deb13u4_arm64.deb ...
Unpacking base-files (13.8+deb13u4) over (13.8+deb13u4) ...
Preparing to unpack .../base-passwd_3.6.7_arm64.deb ...
Unpacking base-passwd (3.6.7) over (3.6.7) ...
Selecting previously unselected package bash.
dpkg: regarding .../bash_5.2.37-2+b8_arm64.deb containing bash, pre-dependency problem:
 bash pre-depends on libtinfo6 (>= 6)
  libtinfo6 is not installed.

dpkg: warning: ignoring pre-dependency problem!
Preparing to unpack .../bash_5.2.37-2+b8_arm64.deb ...
Unpacking bash (5.2.37-2+b8) ...
Selecting previously unselected package bsdutils.
dpkg: regarding .../bsdutils_1%3a2.41-5_arm64.deb containing bsdutils, pre-dependency problem:
 bsdutils pre-depends on libsystemd0 (>= 254)
  libsystemd0 is not installed.

dpkg: warning: ignoring pre-dependency problem!
Preparing to unpack .../bsdutils_1%3a2.41-5_arm64.deb ...
Unpacking bsdutils (1:2.41-5) ...
Selecting previously unselected package coreutils.
dpkg: regarding .../coreutils_9.7-3_arm64.deb containing coreutils, pre-dependency problem:
 coreutils pre-depends on libacl1 (>= 2.2.23)
  libacl1 is not installed.

dpkg: warning: ignoring pre-dependency problem!
dpkg: regarding .../coreutils_9.7-3_arm64.deb containing coreutils, pre-dependency problem:
 coreutils pre-depends on libattr1 (>= 1:2.4.48)
  libattr1 is not installed.

dpkg: warning: ignoring pre-dependency problem!
dpkg: regarding .../coreutils_9.7-3_arm64.deb containing coreutils, pre-dependency problem:
 coreutils pre-depends on libcap2 (>= 1:2.10)
  libcap2 is not installed.

dpkg: warning: ignoring pre-dependency problem!
dpkg: regarding .../coreutils_9.7-3_arm64.deb containing coreutils, pre-dependency problem:
 coreutils pre-depends on libgmp10 (>= 2:6.3.0+dfsg)
  libgmp10 is not installed.

dpkg: warning: ignoring pre-dependency problem!
dpkg: regarding .../coreutils_9.7-3_arm64.deb containing coreutils, pre-dependency problem:
 coreutils pre-depends on libselinux1 (>= 3.1~)
  libselinux1 is not installed.

dpkg: warning: ignoring pre-dependency problem!
dpkg: regarding .../coreutils_9.7-3_arm64.deb containing coreutils, pre-dependency problem:
 coreutils pre-depends on libssl3t64 (>= 3.0.0)
  libssl3t64 is not installed.

dpkg: warning: ignoring pre-dependency problem!
dpkg: regarding .../coreutils_9.7-3_arm64.deb containing coreutils, pre-dependency problem:
 coreutils pre-depends on libsystemd0 (>= 254)
  libsystemd0 is not installed.

dpkg: warning: ignoring pre-dependency problem!
Preparing to unpack .../coreutils_9.7-3_arm64.deb ...
Unpacking coreutils (9.7-3) ...
Selecting previously unselected package dash.
Preparing to unpack .../dash_0.5.12-12_arm64.deb ...
Unpacking dash (0.5.12-12) ...
Selecting previously unselected package debconf.
Preparing to unpack .../debconf_1.5.91_all.deb ...
Unpacking debconf (1.5.91) ...
Selecting previously unselected package debian-archive-keyring.
Preparing to unpack .../debian-archive-keyring_2025.1_all.deb ...
Unpacking debian-archive-keyring (2025.1) ...
Selecting previously unselected package debianutils.
Preparing to unpack .../debianutils_5.23.2_arm64.deb ...
Unpacking debianutils (5.23.2) ...
Selecting previously unselected package diffutils.
Preparing to unpack .../diffutils_1%3a3.10-4_arm64.deb ...
Unpacking diffutils (1:3.10-4) ...
dpkg: regarding .../dpkg_1.22.22_arm64.deb containing dpkg, pre-dependency problem:
 dpkg pre-depends on libbz2-1.0
  libbz2-1.0 is not installed.

dpkg: warning: ignoring pre-dependency problem!
dpkg: regarding .../dpkg_1.22.22_arm64.deb containing dpkg, pre-dependency problem:
 dpkg pre-depends on liblzma5 (>= 5.4.0)
  liblzma5 is not installed.

dpkg: warning: ignoring pre-dependency problem!
dpkg: regarding .../dpkg_1.22.22_arm64.deb containing dpkg, pre-dependency problem:
 dpkg pre-depends on libmd0 (>= 0.0.0)
  libmd0 is not installed.

dpkg: warning: ignoring pre-dependency problem!
dpkg: regarding .../dpkg_1.22.22_arm64.deb containing dpkg, pre-dependency problem:
 dpkg pre-depends on libselinux1 (>= 3.1~)
  libselinux1 is not installed.

dpkg: warning: ignoring pre-dependency problem!
dpkg: regarding .../dpkg_1.22.22_arm64.deb containing dpkg, pre-dependency problem:
 dpkg pre-depends on libzstd1 (>= 1.5.5)
  libzstd1 is not installed.

dpkg: warning: ignoring pre-dependency problem!
dpkg: regarding .../dpkg_1.22.22_arm64.deb containing dpkg, pre-dependency problem:
 dpkg pre-depends on zlib1g (>= 1:1.1.4)
  zlib1g is not installed.

dpkg: warning: ignoring pre-dependency problem!
Preparing to unpack .../dpkg_1.22.22_arm64.deb ...
Unpacking dpkg (1.22.22) over (1.22.22) ...
Selecting previously unselected package findutils.
dpkg: regarding .../findutils_4.10.0-3_arm64.deb containing findutils, pre-dependency problem:
 findutils pre-depends on libselinux1 (>= 3.1~)
  libselinux1 is not installed.

dpkg: warning: ignoring pre-dependency problem!
Preparing to unpack .../findutils_4.10.0-3_arm64.deb ...
Unpacking findutils (4.10.0-3) ...
Selecting previously unselected package gcc-14-base:arm64.
Preparing to unpack .../gcc-14-base_14.2.0-19_arm64.deb ...
Unpacking gcc-14-base:arm64 (14.2.0-19) ...
Selecting previously unselected package grep.
dpkg: regarding .../grep_3.11-4+b1_arm64.deb containing grep, pre-dependency problem:
 grep pre-depends on libpcre2-8-0 (>= 10.32)
  libpcre2-8-0 is not installed.

dpkg: warning: ignoring pre-dependency problem!
Preparing to unpack .../grep_3.11-4+b1_arm64.deb ...
Unpacking grep (3.11-4+b1) ...
Selecting previously unselected package gzip.
Preparing to unpack .../archives/gzip_1.13-1_arm64.deb ...
Unpacking gzip (1.13-1) ...
Selecting previously unselected package hostname.
Preparing to unpack .../hostname_3.25_arm64.deb ...
Unpacking hostname (3.25) ...
Selecting previously unselected package init-system-helpers.
Preparing to unpack .../init-system-helpers_1.69~deb13u1_all.deb ...
Unpacking init-system-helpers (1.69~deb13u1) ...
Selecting previously unselected package libacl1:arm64.
Preparing to unpack .../libacl1_2.3.2-2+b1_arm64.deb ...
Unpacking libacl1:arm64 (2.3.2-2+b1) ...
Selecting previously unselected package libapt-pkg7.0:arm64.
Preparing to unpack .../libapt-pkg7.0_3.0.3_arm64.deb ...
Unpacking libapt-pkg7.0:arm64 (3.0.3) ...
Selecting previously unselected package libattr1:arm64.
Preparing to unpack .../libattr1_1%3a2.5.2-3_arm64.deb ...
Unpacking libattr1:arm64 (1:2.5.2-3) ...
Selecting previously unselected package libaudit-common.
Preparing to unpack .../libaudit-common_1%3a4.0.2-2_all.deb ...
Unpacking libaudit-common (1:4.0.2-2) ...
Selecting previously unselected package libaudit1:arm64.
Preparing to unpack .../libaudit1_1%3a4.0.2-2+b2_arm64.deb ...
Unpacking libaudit1:arm64 (1:4.0.2-2+b2) ...
Selecting previously unselected package libblkid1:arm64.
Preparing to unpack .../libblkid1_2.41-5_arm64.deb ...
Unpacking libblkid1:arm64 (2.41-5) ...
Selecting previously unselected package libbsd0:arm64.
Preparing to unpack .../libbsd0_0.12.2-2_arm64.deb ...
Unpacking libbsd0:arm64 (0.12.2-2) ...
Selecting previously unselected package libbz2-1.0:arm64.
Preparing to unpack .../libbz2-1.0_1.0.8-6_arm64.deb ...
Unpacking libbz2-1.0:arm64 (1.0.8-6) ...
Selecting previously unselected package libc-bin.
Preparing to unpack .../libc-bin_2.41-12+deb13u2_arm64.deb ...
Unpacking libc-bin (2.41-12+deb13u2) ...
Preparing to unpack .../libc6_2.41-12+deb13u2_arm64.deb ...
Unpacking libc6:arm64 (2.41-12+deb13u2) over (2.41-12+deb13u2) ...
Selecting previously unselected package libcap-ng0:arm64.
Preparing to unpack .../libcap-ng0_0.8.5-4+b1_arm64.deb ...
Unpacking libcap-ng0:arm64 (0.8.5-4+b1) ...
Selecting previously unselected package libcap2:arm64.
Preparing to unpack .../libcap2_1%3a2.75-10+b8_arm64.deb ...
Unpacking libcap2:arm64 (1:2.75-10+b8) ...
Selecting previously unselected package libcrypt1:arm64.
Preparing to unpack .../libcrypt1_1%3a4.4.38-1_arm64.deb ...
Unpacking libcrypt1:arm64 (1:4.4.38-1) ...
Selecting previously unselected package libdb5.3t64:arm64.
Preparing to unpack .../libdb5.3t64_5.3.28+dfsg2-9_arm64.deb ...
Unpacking libdb5.3t64:arm64 (5.3.28+dfsg2-9) ...
Selecting previously unselected package libdebconfclient0:arm64.
Preparing to unpack .../libdebconfclient0_0.280_arm64.deb ...
Unpacking libdebconfclient0:arm64 (0.280) ...
Selecting previously unselected package libgcc-s1:arm64.
Preparing to unpack .../libgcc-s1_14.2.0-19_arm64.deb ...
Unpacking libgcc-s1:arm64 (14.2.0-19) ...
Selecting previously unselected package libgmp10:arm64.
Preparing to unpack .../libgmp10_2%3a6.3.0+dfsg-3_arm64.deb ...
Unpacking libgmp10:arm64 (2:6.3.0+dfsg-3) ...
Selecting previously unselected package libhogweed6t64:arm64.
Preparing to unpack .../libhogweed6t64_3.10.1-1_arm64.deb ...
Unpacking libhogweed6t64:arm64 (3.10.1-1) ...
Selecting previously unselected package liblastlog2-2:arm64.
Preparing to unpack .../liblastlog2-2_2.41-5_arm64.deb ...
Unpacking liblastlog2-2:arm64 (2.41-5) ...
Selecting previously unselected package liblz4-1:arm64.
Preparing to unpack .../liblz4-1_1.10.0-4_arm64.deb ...
Unpacking liblz4-1:arm64 (1.10.0-4) ...
Selecting previously unselected package liblzma5:arm64.
Preparing to unpack .../liblzma5_5.8.1-1_arm64.deb ...
Unpacking liblzma5:arm64 (5.8.1-1) ...
Selecting previously unselected package libmd0:arm64.
Preparing to unpack .../libmd0_1.1.0-2+b1_arm64.deb ...
Unpacking libmd0:arm64 (1.1.0-2+b1) ...
Selecting previously unselected package libmount1:arm64.
Preparing to unpack .../libmount1_2.41-5_arm64.deb ...
Unpacking libmount1:arm64 (2.41-5) ...
Selecting previously unselected package libnettle8t64:arm64.
Preparing to unpack .../libnettle8t64_3.10.1-1_arm64.deb ...
Unpacking libnettle8t64:arm64 (3.10.1-1) ...
Selecting previously unselected package libpam-modules:arm64.
dpkg: regarding .../libpam-modules_1.7.0-5_arm64.deb containing libpam-modules:arm64, pre-dependency problem:
 libpam-modules pre-depends on libaudit1 (>= 1:2.2.1)
  libaudit1:arm64 is unpacked, but has never been configured.

dpkg: warning: ignoring pre-dependency problem!
dpkg: regarding .../libpam-modules_1.7.0-5_arm64.deb containing libpam-modules:arm64, pre-dependency problem:
 libpam-modules pre-depends on libcrypt1 (>= 1:4.3.0)
  libcrypt1:arm64 is unpacked, but has never been configured.

dpkg: warning: ignoring pre-dependency problem!
dpkg: regarding .../libpam-modules_1.7.0-5_arm64.deb containing libpam-modules:arm64, pre-dependency problem:
 libpam-modules pre-depends on libdb5.3t64
  libdb5.3t64:arm64 is unpacked, but has never been configured.

dpkg: warning: ignoring pre-dependency problem!
dpkg: regarding .../libpam-modules_1.7.0-5_arm64.deb containing libpam-modules:arm64, pre-dependency problem:
 libpam-modules pre-depends on libpam0g (>= 1.4.1)
  libpam0g is not installed.

dpkg: warning: ignoring pre-dependency problem!
dpkg: regarding .../libpam-modules_1.7.0-5_arm64.deb containing libpam-modules:arm64, pre-dependency problem:
 libpam-modules pre-depends on libselinux1 (>= 3.1~)
  libselinux1 is not installed.

dpkg: warning: ignoring pre-dependency problem!
dpkg: regarding .../libpam-modules_1.7.0-5_arm64.deb containing libpam-modules:arm64, pre-dependency problem:
 libpam-modules pre-depends on libsystemd0 (>= 254)
  libsystemd0 is not installed.

dpkg: warning: ignoring pre-dependency problem!
dpkg: regarding .../libpam-modules_1.7.0-5_arm64.deb containing libpam-modules:arm64, pre-dependency problem:
 libpam-modules pre-depends on debconf (>= 0.5) | debconf-2.0
  debconf is unpacked, but has never been configured.
  debconf provides debconf-2.0 but is unpacked but not configured.

dpkg: warning: ignoring pre-dependency problem!
dpkg: regarding .../libpam-modules_1.7.0-5_arm64.deb containing libpam-modules:arm64, pre-dependency problem:
 libpam-modules pre-depends on libpam-modules-bin (= 1.7.0-5)
  libpam-modules-bin is not installed.

dpkg: warning: ignoring pre-dependency problem!
Preparing to unpack .../libpam-modules_1.7.0-5_arm64.deb ...
Unpacking libpam-modules:arm64 (1.7.0-5) ...
Selecting previously unselected package libpam-modules-bin.
Preparing to unpack .../libpam-modules-bin_1.7.0-5_arm64.deb ...
Unpacking libpam-modules-bin (1.7.0-5) ...
Selecting previously unselected package libpam-runtime.
Preparing to unpack .../libpam-runtime_1.7.0-5_all.deb ...
Unpacking libpam-runtime (1.7.0-5) ...
Selecting previously unselected package libpam0g:arm64.
Preparing to unpack .../libpam0g_1.7.0-5_arm64.deb ...
Unpacking libpam0g:arm64 (1.7.0-5) ...
Selecting previously unselected package libpcre2-8-0:arm64.
Preparing to unpack .../libpcre2-8-0_10.46-1~deb13u1_arm64.deb ...
Unpacking libpcre2-8-0:arm64 (10.46-1~deb13u1) ...
Selecting previously unselected package libseccomp2:arm64.
Preparing to unpack .../libseccomp2_2.6.0-2_arm64.deb ...
Unpacking libseccomp2:arm64 (2.6.0-2) ...
Selecting previously unselected package libselinux1:arm64.
Preparing to unpack .../libselinux1_3.8.1-1_arm64.deb ...
Unpacking libselinux1:arm64 (3.8.1-1) ...
Selecting previously unselected package libsemanage-common.
Preparing to unpack .../libsemanage-common_3.8.1-1_all.deb ...
Unpacking libsemanage-common (3.8.1-1) ...
Selecting previously unselected package libsemanage2:arm64.
Preparing to unpack .../libsemanage2_3.8.1-1_arm64.deb ...
Unpacking libsemanage2:arm64 (3.8.1-1) ...
Selecting previously unselected package libsepol2:arm64.
Preparing to unpack .../libsepol2_3.8.1-1_arm64.deb ...
Unpacking libsepol2:arm64 (3.8.1-1) ...
Selecting previously unselected package libsmartcols1:arm64.
Preparing to unpack .../libsmartcols1_2.41-5_arm64.deb ...
Unpacking libsmartcols1:arm64 (2.41-5) ...
Selecting previously unselected package libsqlite3-0:arm64.
Preparing to unpack .../libsqlite3-0_3.46.1-7+deb13u1_arm64.deb ...
Unpacking libsqlite3-0:arm64 (3.46.1-7+deb13u1) ...
Selecting previously unselected package libssl3t64:arm64.
Preparing to unpack .../libssl3t64_3.5.5-1~deb13u1_arm64.deb ...
Unpacking libssl3t64:arm64 (3.5.5-1~deb13u1) ...
Selecting previously unselected package libstdc++6:arm64.
Preparing to unpack .../libstdc++6_14.2.0-19_arm64.deb ...
Unpacking libstdc++6:arm64 (14.2.0-19) ...
Selecting previously unselected package libsystemd0:arm64.
Preparing to unpack .../libsystemd0_257.9-1~deb13u1_arm64.deb ...
Unpacking libsystemd0:arm64 (257.9-1~deb13u1) ...
Selecting previously unselected package libtinfo6:arm64.
Preparing to unpack .../libtinfo6_6.5+20250216-2_arm64.deb ...
Unpacking libtinfo6:arm64 (6.5+20250216-2) ...
Selecting previously unselected package libudev1:arm64.
Preparing to unpack .../libudev1_257.9-1~deb13u1_arm64.deb ...
Unpacking libudev1:arm64 (257.9-1~deb13u1) ...
Selecting previously unselected package libuuid1:arm64.
Preparing to unpack .../libuuid1_2.41-5_arm64.deb ...
Unpacking libuuid1:arm64 (2.41-5) ...
Selecting previously unselected package libxxhash0:arm64.
Preparing to unpack .../libxxhash0_0.8.3-2_arm64.deb ...
Unpacking libxxhash0:arm64 (0.8.3-2) ...
Selecting previously unselected package libzstd1:arm64.
Preparing to unpack .../libzstd1_1.5.7+dfsg-1_arm64.deb ...
Unpacking libzstd1:arm64 (1.5.7+dfsg-1) ...
Selecting previously unselected package login.
dpkg: regarding .../login_1%3a4.16.0-2+really2.41-5_arm64.deb containing login, pre-dependency problem:
 login pre-depends on login.defs (>= 1:4.16.0-1~)
  login.defs is not installed.

dpkg: warning: ignoring pre-dependency problem!
Preparing to unpack .../login_1%3a4.16.0-2+really2.41-5_arm64.deb ...
Unpacking login (1:4.16.0-2+really2.41-5) ...
Selecting previously unselected package login.defs.
Preparing to unpack .../login.defs_1%3a4.17.4-2_all.deb ...
Unpacking login.defs (1:4.17.4-2) ...
Preparing to unpack .../mawk_1.3.4.20250131-1_arm64.deb ...
Unpacking mawk (1.3.4.20250131-1) over (1.3.4.20250131-1) ...
Selecting previously unselected package mount.
dpkg: regarding .../mount_2.41-5_arm64.deb containing mount, pre-dependency problem:
 mount pre-depends on libblkid1 (= 2.41-5)
  libblkid1:arm64 is unpacked, but has never been configured.

dpkg: warning: ignoring pre-dependency problem!
dpkg: regarding .../mount_2.41-5_arm64.deb containing mount, pre-dependency problem:
 mount pre-depends on libmount1 (= 2.41-5)
  libmount1:arm64 is unpacked, but has never been configured.

dpkg: warning: ignoring pre-dependency problem!
dpkg: regarding .../mount_2.41-5_arm64.deb containing mount, pre-dependency problem:
 mount pre-depends on libselinux1 (>= 3.1~)
  libselinux1:arm64 is unpacked, but has never been configured.

dpkg: warning: ignoring pre-dependency problem!
dpkg: regarding .../mount_2.41-5_arm64.deb containing mount, pre-dependency problem:
 mount pre-depends on libsmartcols1 (= 2.41-5)
  libsmartcols1:arm64 is unpacked, but has never been configured.

dpkg: warning: ignoring pre-dependency problem!
Preparing to unpack .../mount_2.41-5_arm64.deb ...
Unpacking mount (2.41-5) ...
Selecting previously unselected package ncurses-base.
Preparing to unpack .../ncurses-base_6.5+20250216-2_all.deb ...
Unpacking ncurses-base (6.5+20250216-2) ...
Selecting previously unselected package ncurses-bin.
dpkg: regarding .../ncurses-bin_6.5+20250216-2_arm64.deb containing ncurses-bin, pre-dependency problem:
 ncurses-bin pre-depends on libtinfo6 (>= 6.4+20230603)
  libtinfo6:arm64 is unpacked, but has never been configured.

dpkg: warning: ignoring pre-dependency problem!
Preparing to unpack .../ncurses-bin_6.5+20250216-2_arm64.deb ...
Unpacking ncurses-bin (6.5+20250216-2) ...
Selecting previously unselected package openssl-provider-legacy.
Preparing to unpack .../openssl-provider-legacy_3.5.5-1~deb13u1_arm64.deb ...
Unpacking openssl-provider-legacy (3.5.5-1~deb13u1) ...
Selecting previously unselected package passwd.
Preparing to unpack .../passwd_1%3a4.17.4-2_arm64.deb ...
Unpacking passwd (1:4.17.4-2) ...
dpkg: regarding .../perl-base_5.40.1-6_arm64.deb containing perl-base, pre-dependency problem:
 perl-base pre-depends on libcrypt1 (>= 1:4.1.0)
  libcrypt1:arm64 is unpacked, but has never been configured.

dpkg: warning: ignoring pre-dependency problem!
Preparing to unpack .../perl-base_5.40.1-6_arm64.deb ...
Unpacking perl-base (5.40.1-6) over (5.40.1-6) ...
Selecting previously unselected package sed.
dpkg: regarding .../sed_4.9-2+b1_arm64.deb containing sed, pre-dependency problem:
 sed pre-depends on libacl1 (>= 2.2.23)
  libacl1:arm64 is unpacked, but has never been configured.

dpkg: warning: ignoring pre-dependency problem!
dpkg: regarding .../sed_4.9-2+b1_arm64.deb containing sed, pre-dependency problem:
 sed pre-depends on libselinux1 (>= 3.1~)
  libselinux1:arm64 is unpacked, but has never been configured.

dpkg: warning: ignoring pre-dependency problem!
Preparing to unpack .../sed_4.9-2+b1_arm64.deb ...
Unpacking sed (4.9-2+b1) ...
Selecting previously unselected package sqv.
Preparing to unpack .../sqv_1.3.0-3+b2_arm64.deb ...
Unpacking sqv (1.3.0-3+b2) ...
Selecting previously unselected package sysvinit-utils.
Preparing to unpack .../sysvinit-utils_3.14-4_arm64.deb ...
Unpacking sysvinit-utils (3.14-4) ...
Selecting previously unselected package tar.
dpkg: regarding .../tar_1.35+dfsg-3.1_arm64.deb containing tar, pre-dependency problem:
 tar pre-depends on libacl1 (>= 2.2.23)
  libacl1:arm64 is unpacked, but has never been configured.

dpkg: warning: ignoring pre-dependency problem!
dpkg: regarding .../tar_1.35+dfsg-3.1_arm64.deb containing tar, pre-dependency problem:
 tar pre-depends on libselinux1 (>= 3.1~)
  libselinux1:arm64 is unpacked, but has never been configured.

dpkg: warning: ignoring pre-dependency problem!
Preparing to unpack .../tar_1.35+dfsg-3.1_arm64.deb ...
Unpacking tar (1.35+dfsg-3.1) ...
Selecting previously unselected package tzdata.
Preparing to unpack .../tzdata_2026a-0+deb13u1_all.deb ...
Unpacking tzdata (2026a-0+deb13u1) ...
Selecting previously unselected package util-linux.
dpkg: regarding .../util-linux_2.41-5_arm64.deb containing util-linux, pre-dependency problem:
 util-linux pre-depends on libpam-modules
  libpam-modules:arm64 is unpacked, but has never been configured.

dpkg: warning: ignoring pre-dependency problem!
dpkg: regarding .../util-linux_2.41-5_arm64.deb containing util-linux, pre-dependency problem:
 util-linux pre-depends on libpam-runtime
  libpam-runtime is unpacked, but has never been configured.

dpkg: warning: ignoring pre-dependency problem!
dpkg: regarding .../util-linux_2.41-5_arm64.deb containing util-linux, pre-dependency problem:
 util-linux pre-depends on libblkid1 (= 2.41-5)
  libblkid1:arm64 is unpacked, but has never been configured.

dpkg: warning: ignoring pre-dependency problem!
dpkg: regarding .../util-linux_2.41-5_arm64.deb containing util-linux, pre-dependency problem:
 util-linux pre-depends on libcap-ng0 (>= 0.7.9)
  libcap-ng0:arm64 is unpacked, but has never been configured.

dpkg: warning: ignoring pre-dependency problem!
dpkg: regarding .../util-linux_2.41-5_arm64.deb containing util-linux, pre-dependency problem:
 util-linux pre-depends on libcrypt1 (>= 1:4.1.0)
  libcrypt1:arm64 is unpacked, but has never been configured.

dpkg: warning: ignoring pre-dependency problem!
dpkg: regarding .../util-linux_2.41-5_arm64.deb containing util-linux, pre-dependency problem:
 util-linux pre-depends on liblastlog2-2 (= 2.41-5)
  liblastlog2-2:arm64 is unpacked, but has never been configured.

dpkg: warning: ignoring pre-dependency problem!
dpkg: regarding .../util-linux_2.41-5_arm64.deb containing util-linux, pre-dependency problem:
 util-linux pre-depends on libmount1 (= 2.41-5)
  libmount1:arm64 is unpacked, but has never been configured.

dpkg: warning: ignoring pre-dependency problem!
dpkg: regarding .../util-linux_2.41-5_arm64.deb containing util-linux, pre-dependency problem:
 util-linux pre-depends on libpam0g (>= 0.99.7.1)
  libpam0g:arm64 is unpacked, but has never been configured.

dpkg: warning: ignoring pre-dependency problem!
dpkg: regarding .../util-linux_2.41-5_arm64.deb containing util-linux, pre-dependency problem:
 util-linux pre-depends on libselinux1 (>= 3.1~)
  libselinux1:arm64 is unpacked, but has never been configured.

dpkg: warning: ignoring pre-dependency problem!
dpkg: regarding .../util-linux_2.41-5_arm64.deb containing util-linux, pre-dependency problem:
 util-linux pre-depends on libsmartcols1 (= 2.41-5)
  libsmartcols1:arm64 is unpacked, but has never been configured.

dpkg: warning: ignoring pre-dependency problem!
dpkg: regarding .../util-linux_2.41-5_arm64.deb containing util-linux, pre-dependency problem:
 util-linux pre-depends on libsystemd0
  libsystemd0:arm64 is unpacked, but has never been configured.

dpkg: warning: ignoring pre-dependency problem!
dpkg: regarding .../util-linux_2.41-5_arm64.deb containing util-linux, pre-dependency problem:
 util-linux pre-depends on libtinfo6 (>= 6)
  libtinfo6:arm64 is unpacked, but has never been configured.

dpkg: warning: ignoring pre-dependency problem!
dpkg: regarding .../util-linux_2.41-5_arm64.deb containing util-linux, pre-dependency problem:
 util-linux pre-depends on libudev1 (>= 183)
  libudev1:arm64 is unpacked, but has never been configured.

dpkg: warning: ignoring pre-dependency problem!
dpkg: regarding .../util-linux_2.41-5_arm64.deb containing util-linux, pre-dependency problem:
 util-linux pre-depends on libuuid1 (= 2.41-5)
  libuuid1:arm64 is unpacked, but has never been configured.

dpkg: warning: ignoring pre-dependency problem!
Preparing to unpack .../util-linux_2.41-5_arm64.deb ...
Unpacking util-linux (2.41-5) ...
Selecting previously unselected package zlib1g:arm64.
Preparing to unpack .../zlib1g_1%3a1.3.dfsg+really1.3.1-1+b1_arm64.deb ...
Unpacking zlib1g:arm64 (1:1.3.dfsg+really1.3.1-1+b1) ...
Setting up gcc-14-base:arm64 (14.2.0-19) ...
Setting up login.defs (1:4.17.4-2) ...
Setting up debian-archive-keyring (2025.1) ...
Setting up libaudit-common (1:4.0.2-2) ...
Setting up libsemanage-common (3.8.1-1) ...
Setting up debconf (1.5.91) ...
Setting up tzdata (2026a-0+deb13u1) ...

Current default time zone: 'Etc/UTC'
Local time is now:      Mon May 11 16:47:31 UTC 2026.
Universal Time is now:  Mon May 11 16:47:31 UTC 2026.
Run 'dpkg-reconfigure tzdata' if you wish to change it.

Setting up ncurses-base (6.5+20250216-2) ...
Setting up init-system-helpers (1.69~deb13u1) ...
Setting up libgcc-s1:arm64 (14.2.0-19) ...
Setting up libc6:arm64 (2.41-12+deb13u2) ...
Setting up libdb5.3t64:arm64 (5.3.28+dfsg2-9) ...
Setting up libmd0:arm64 (1.1.0-2+b1) ...
Setting up libxxhash0:arm64 (0.8.3-2) ...
Setting up libattr1:arm64 (1:2.5.2-3) ...
Setting up sysvinit-utils (3.14-4) ...
Setting up debianutils (5.23.2) ...
update-alternatives: using /usr/bin/which.debianutils to provide /usr/bin/which (which) in auto mode
Setting up mawk (1.3.4.20250131-1) ...
Setting up libdebconfclient0:arm64 (0.280) ...
Setting up base-files (13.8+deb13u4) ...
Setting up libbz2-1.0:arm64 (1.0.8-6) ...
Setting up libbsd0:arm64 (0.12.2-2) ...
Setting up libblkid1:arm64 (2.41-5) ...
Setting up libstdc++6:arm64 (14.2.0-19) ...
Setting up dash (0.5.12-12) ...
Setting up libtinfo6:arm64 (6.5+20250216-2) ...
Setting up bash (5.2.37-2+b8) ...
update-alternatives: using /usr/share/man/man7/bash-builtins.7.gz to provide /usr/share/man/man7/builtins.7.gz (builtins.7.gz) in auto mode
Setting up libzstd1:arm64 (1.5.7+dfsg-1) ...
Setting up liblzma5:arm64 (5.8.1-1) ...
Setting up liblz4-1:arm64 (1.10.0-4) ...
Setting up libc-bin (2.41-12+deb13u2) ...
Setting up libsqlite3-0:arm64 (3.46.1-7+deb13u1) ...
Setting up ncurses-bin (6.5+20250216-2) ...
Setting up libacl1:arm64 (2.3.2-2+b1) ...
Setting up libsmartcols1:arm64 (2.41-5) ...
Setting up zlib1g:arm64 (1:1.3.dfsg+really1.3.1-1+b1) ...
Setting up libcrypt1:arm64 (1:4.4.38-1) ...
Setting up diffutils (1:3.10-4) ...
Setting up libseccomp2:arm64 (2.6.0-2) ...
Setting up libcap2:arm64 (1:2.75-10+b8) ...
Setting up perl-base (5.40.1-6) ...
Setting up openssl-provider-legacy (3.5.5-1~deb13u1) ...
Setting up hostname (3.25) ...
Setting up libcap-ng0:arm64 (0.8.5-4+b1) ...
Setting up libnettle8t64:arm64 (3.10.1-1) ...
Setting up libgmp10:arm64 (2:6.3.0+dfsg-3) ...
Setting up libaudit1:arm64 (1:4.0.2-2+b2) ...
Setting up gzip (1.13-1) ...
Setting up libuuid1:arm64 (2.41-5) ...
Setting up libsepol2:arm64 (3.8.1-1) ...
Setting up libpcre2-8-0:arm64 (10.46-1~deb13u1) ...
Setting up libudev1:arm64 (257.9-1~deb13u1) ...
Setting up libhogweed6t64:arm64 (3.10.1-1) ...
Setting up sqv (1.3.0-3+b2) ...
Setting up grep (3.11-4+b1) ...
Setting up libssl3t64:arm64 (3.5.5-1~deb13u1) ...
Setting up liblastlog2-2:arm64 (2.41-5) ...
Setting up libsystemd0:arm64 (257.9-1~deb13u1) ...
Setting up libselinux1:arm64 (3.8.1-1) ...
Setting up libpam0g:arm64 (1.7.0-5) ...
Setting up sed (4.9-2+b1) ...
Setting up findutils (4.10.0-3) ...
Setting up libmount1:arm64 (2.41-5) ...
Setting up libsemanage2:arm64 (3.8.1-1) ...
Setting up libapt-pkg7.0:arm64 (3.0.3) ...
Setting up base-passwd (3.6.7) ...
Setting up apt (3.0.3) ...
Setting up bsdutils (1:2.41-5) ...
Setting up tar (1.35+dfsg-3.1) ...
update-alternatives: using /usr/sbin/rmt-tar to provide /usr/sbin/rmt (rmt) in auto mode
Setting up libpam-modules-bin (1.7.0-5) ...
Setting up coreutils (9.7-3) ...
Setting up dpkg (1.22.22) ...
Setting up mount (2.41-5) ...
Setting up libpam-modules:arm64 (1.7.0-5) ...
Setting up passwd (1:4.17.4-2) ...
Shadow passwords are now on.
Setting up libpam-runtime (1.7.0-5) ...
Setting up login (1:4.16.0-2+really2.41-5) ...
Setting up util-linux (2.41-5) ...
update-alternatives: using /bin/more to provide /usr/bin/pager (pager) in auto mode
Processing triggers for libc-bin (2.41-12+deb13u2) ...
