2026-05-11 16:45:52 startup archives install
2026-05-11 16:45:52 install base-passwd:arm64 <none> 3.6.7
2026-05-11 16:45:52 status half-installed base-passwd:arm64 3.6.7
2026-05-11 16:45:53 status unpacked base-passwd:arm64 3.6.7
2026-05-11 16:45:53 configure base-passwd:arm64 3.6.7 3.6.7
2026-05-11 16:45:53 status half-configured base-passwd:arm64 3.6.7
2026-05-11 16:45:54 status installed base-passwd:arm64 3.6.7
2026-05-11 16:45:54 startup archives install
2026-05-11 16:45:54 install base-files:arm64 <none> 13.8+deb13u4
2026-05-11 16:45:54 status half-installed base-files:arm64 13.8+deb13u4
2026-05-11 16:45:55 status unpacked base-files:arm64 13.8+deb13u4
2026-05-11 16:45:55 configure base-files:arm64 13.8+deb13u4 13.8+deb13u4
2026-05-11 16:45:55 status half-configured base-files:arm64 13.8+deb13u4
2026-05-11 16:45:56 status installed base-files:arm64 13.8+deb13u4
2026-05-11 16:45:56 startup archives install
2026-05-11 16:45:56 upgrade dpkg 1.22.22 1.22.22
2026-05-11 16:45:56 status half-configured dpkg 1.22.22
2026-05-11 16:45:56 status unpacked dpkg 1.22.22
2026-05-11 16:45:56 status half-installed dpkg 1.22.22
2026-05-11 16:45:58 status unpacked dpkg:arm64 1.22.22
2026-05-11 16:45:58 configure dpkg:arm64 1.22.22 1.22.22
2026-05-11 16:45:58 status half-configured dpkg:arm64 1.22.22
2026-05-11 16:45:59 status installed dpkg:arm64 1.22.22
2026-05-11 16:46:00 startup archives install
2026-05-11 16:46:00 install libc6:arm64 <none> 2.41-12+deb13u2
2026-05-11 16:46:00 status half-installed libc6:arm64 2.41-12+deb13u2
2026-05-11 16:46:03 status unpacked libc6:arm64 2.41-12+deb13u2
2026-05-11 16:46:04 configure libc6:arm64 2.41-12+deb13u2 2.41-12+deb13u2
2026-05-11 16:46:04 status half-configured libc6:arm64 2.41-12+deb13u2
2026-05-11 16:46:04 status installed libc6:arm64 2.41-12+deb13u2
2026-05-11 16:46:05 startup archives install
2026-05-11 16:46:05 install perl-base:arm64 <none> 5.40.1-6
2026-05-11 16:46:05 status half-installed perl-base:arm64 5.40.1-6
2026-05-11 16:46:11 status unpacked perl-base:arm64 5.40.1-6
2026-05-11 16:46:13 configure perl-base:arm64 5.40.1-6 5.40.1-6
2026-05-11 16:46:13 status half-configured perl-base:arm64 5.40.1-6
2026-05-11 16:46:13 status installed perl-base:arm64 5.40.1-6
2026-05-11 16:46:13 startup archives install
2026-05-11 16:46:13 install mawk:arm64 <none> 1.3.4.20250131-1
2026-05-11 16:46:13 status half-installed mawk:arm64 1.3.4.20250131-1
2026-05-11 16:46:14 status unpacked mawk:arm64 1.3.4.20250131-1
2026-05-11 16:46:14 configure mawk:arm64 1.3.4.20250131-1 1.3.4.20250131-1
2026-05-11 16:46:14 status half-configured mawk:arm64 1.3.4.20250131-1
2026-05-11 16:46:14 status installed mawk:arm64 1.3.4.20250131-1
2026-05-11 16:46:14 startup archives unpack
2026-05-11 16:46:14 install apt:arm64 <none> 3.0.3
2026-05-11 16:46:14 status half-installed apt:arm64 3.0.3
2026-05-11 16:46:17 status unpacked apt:arm64 3.0.3
2026-05-11 16:46:17 upgrade base-files:arm64 13.8+deb13u4 13.8+deb13u4
2026-05-11 16:46:17 status half-configured base-files:arm64 13.8+deb13u4
2026-05-11 16:46:17 status unpacked base-files:arm64 13.8+deb13u4
2026-05-11 16:46:17 status half-installed base-files:arm64 13.8+deb13u4
2026-05-11 16:46:18 status unpacked base-files:arm64 13.8+deb13u4
2026-05-11 16:46:18 upgrade base-passwd:arm64 3.6.7 3.6.7
2026-05-11 16:46:18 status half-configured base-passwd:arm64 3.6.7
2026-05-11 16:46:18 status unpacked base-passwd:arm64 3.6.7
2026-05-11 16:46:18 status half-installed base-passwd:arm64 3.6.7
2026-05-11 16:46:19 status unpacked base-passwd:arm64 3.6.7
2026-05-11 16:46:19 install bash:arm64 <none> 5.2.37-2+b8
2026-05-11 16:46:19 status half-installed bash:arm64 5.2.37-2+b8
2026-05-11 16:46:20 status unpacked bash:arm64 5.2.37-2+b8
2026-05-11 16:46:20 install bsdutils:arm64 <none> 1:2.41-5
2026-05-11 16:46:20 status half-installed bsdutils:arm64 1:2.41-5
2026-05-11 16:46:21 status unpacked bsdutils:arm64 1:2.41-5
2026-05-11 16:46:21 install coreutils:arm64 <none> 9.7-3
2026-05-11 16:46:21 status half-installed coreutils:arm64 9.7-3
2026-05-11 16:46:24 status unpacked coreutils:arm64 9.7-3
2026-05-11 16:46:25 install dash:arm64 <none> 0.5.12-12
2026-05-11 16:46:25 status half-installed dash:arm64 0.5.12-12
2026-05-11 16:46:25 status unpacked dash:arm64 0.5.12-12
2026-05-11 16:46:25 install debconf:all <none> 1.5.91
2026-05-11 16:46:25 status half-installed debconf:all 1.5.91
2026-05-11 16:46:27 status unpacked debconf:all 1.5.91
2026-05-11 16:46:28 install debian-archive-keyring:all <none> 2025.1
2026-05-11 16:46:28 status half-installed debian-archive-keyring:all 2025.1
2026-05-11 16:46:29 status unpacked debian-archive-keyring:all 2025.1
2026-05-11 16:46:29 install debianutils:arm64 <none> 5.23.2
2026-05-11 16:46:29 status half-installed debianutils:arm64 5.23.2
2026-05-11 16:46:30 status unpacked debianutils:arm64 5.23.2
2026-05-11 16:46:30 install diffutils:arm64 <none> 1:3.10-4
2026-05-11 16:46:30 status half-installed diffutils:arm64 1:3.10-4
2026-05-11 16:46:31 status unpacked diffutils:arm64 1:3.10-4
2026-05-11 16:46:31 upgrade dpkg:arm64 1.22.22 1.22.22
2026-05-11 16:46:31 status half-configured dpkg:arm64 1.22.22
2026-05-11 16:46:31 status unpacked dpkg:arm64 1.22.22
2026-05-11 16:46:31 status half-installed dpkg:arm64 1.22.22
2026-05-11 16:46:33 status unpacked dpkg:arm64 1.22.22
2026-05-11 16:46:34 install findutils:arm64 <none> 4.10.0-3
2026-05-11 16:46:34 status half-installed findutils:arm64 4.10.0-3
2026-05-11 16:46:34 status unpacked findutils:arm64 4.10.0-3
2026-05-11 16:46:35 install gcc-14-base:arm64 <none> 14.2.0-19
2026-05-11 16:46:35 status half-installed gcc-14-base:arm64 14.2.0-19
2026-05-11 16:46:35 status unpacked gcc-14-base:arm64 14.2.0-19
2026-05-11 16:46:35 install grep:arm64 <none> 3.11-4+b1
2026-05-11 16:46:35 status half-installed grep:arm64 3.11-4+b1
2026-05-11 16:46:36 status unpacked grep:arm64 3.11-4+b1
2026-05-11 16:46:36 install gzip:arm64 <none> 1.13-1
2026-05-11 16:46:36 status half-installed gzip:arm64 1.13-1
2026-05-11 16:46:37 status unpacked gzip:arm64 1.13-1
2026-05-11 16:46:37 install hostname:arm64 <none> 3.25
2026-05-11 16:46:37 status half-installed hostname:arm64 3.25
2026-05-11 16:46:38 status unpacked hostname:arm64 3.25
2026-05-11 16:46:38 install init-system-helpers:all <none> 1.69~deb13u1
2026-05-11 16:46:38 status half-installed init-system-helpers:all 1.69~deb13u1
2026-05-11 16:46:38 status unpacked init-system-helpers:all 1.69~deb13u1
2026-05-11 16:46:38 install libacl1:arm64 <none> 2.3.2-2+b1
2026-05-11 16:46:38 status half-installed libacl1:arm64 2.3.2-2+b1
2026-05-11 16:46:38 status unpacked libacl1:arm64 2.3.2-2+b1
2026-05-11 16:46:39 install libapt-pkg7.0:arm64 <none> 3.0.3
2026-05-11 16:46:39 status half-installed libapt-pkg7.0:arm64 3.0.3
2026-05-11 16:46:39 status unpacked libapt-pkg7.0:arm64 3.0.3
2026-05-11 16:46:40 install libattr1:arm64 <none> 1:2.5.2-3
2026-05-11 16:46:40 status half-installed libattr1:arm64 1:2.5.2-3
2026-05-11 16:46:40 status unpacked libattr1:arm64 1:2.5.2-3
2026-05-11 16:46:40 install libaudit-common:all <none> 1:4.0.2-2
2026-05-11 16:46:40 status half-installed libaudit-common:all 1:4.0.2-2
2026-05-11 16:46:40 status unpacked libaudit-common:all 1:4.0.2-2
2026-05-11 16:46:40 install libaudit1:arm64 <none> 1:4.0.2-2+b2
2026-05-11 16:46:40 status half-installed libaudit1:arm64 1:4.0.2-2+b2
2026-05-11 16:46:40 status unpacked libaudit1:arm64 1:4.0.2-2+b2
2026-05-11 16:46:41 install libblkid1:arm64 <none> 2.41-5
2026-05-11 16:46:41 status half-installed libblkid1:arm64 2.41-5
2026-05-11 16:46:41 status unpacked libblkid1:arm64 2.41-5
2026-05-11 16:46:41 install libbsd0:arm64 <none> 0.12.2-2
2026-05-11 16:46:41 status half-installed libbsd0:arm64 0.12.2-2
2026-05-11 16:46:41 status unpacked libbsd0:arm64 0.12.2-2
2026-05-11 16:46:41 install libbz2-1.0:arm64 <none> 1.0.8-6
2026-05-11 16:46:41 status half-installed libbz2-1.0:arm64 1.0.8-6
2026-05-11 16:46:42 status unpacked libbz2-1.0:arm64 1.0.8-6
2026-05-11 16:46:42 install libc-bin:arm64 <none> 2.41-12+deb13u2
2026-05-11 16:46:42 status half-installed libc-bin:arm64 2.41-12+deb13u2
2026-05-11 16:46:42 status unpacked libc-bin:arm64 2.41-12+deb13u2
2026-05-11 16:46:43 upgrade libc6:arm64 2.41-12+deb13u2 2.41-12+deb13u2
2026-05-11 16:46:43 status half-configured libc6:arm64 2.41-12+deb13u2
2026-05-11 16:46:43 status unpacked libc6:arm64 2.41-12+deb13u2
2026-05-11 16:46:43 status half-installed libc6:arm64 2.41-12+deb13u2
2026-05-11 16:46:46 status unpacked libc6:arm64 2.41-12+deb13u2
2026-05-11 16:46:47 install libcap-ng0:arm64 <none> 0.8.5-4+b1
2026-05-11 16:46:47 status half-installed libcap-ng0:arm64 0.8.5-4+b1
2026-05-11 16:46:47 status unpacked libcap-ng0:arm64 0.8.5-4+b1
2026-05-11 16:46:47 install libcap2:arm64 <none> 1:2.75-10+b8
2026-05-11 16:46:47 status half-installed libcap2:arm64 1:2.75-10+b8
2026-05-11 16:46:48 status unpacked libcap2:arm64 1:2.75-10+b8
2026-05-11 16:46:48 install libcrypt1:arm64 <none> 1:4.4.38-1
2026-05-11 16:46:48 status half-installed libcrypt1:arm64 1:4.4.38-1
2026-05-11 16:46:48 status unpacked libcrypt1:arm64 1:4.4.38-1
2026-05-11 16:46:48 install libdb5.3t64:arm64 <none> 5.3.28+dfsg2-9
2026-05-11 16:46:48 status half-installed libdb5.3t64:arm64 5.3.28+dfsg2-9
2026-05-11 16:46:48 status unpacked libdb5.3t64:arm64 5.3.28+dfsg2-9
2026-05-11 16:46:48 install libdebconfclient0:arm64 <none> 0.280
2026-05-11 16:46:48 status half-installed libdebconfclient0:arm64 0.280
2026-05-11 16:46:49 status unpacked libdebconfclient0:arm64 0.280
2026-05-11 16:46:49 install libgcc-s1:arm64 <none> 14.2.0-19
2026-05-11 16:46:49 status half-installed libgcc-s1:arm64 14.2.0-19
2026-05-11 16:46:49 status unpacked libgcc-s1:arm64 14.2.0-19
2026-05-11 16:46:49 install libgmp10:arm64 <none> 2:6.3.0+dfsg-3
2026-05-11 16:46:49 status half-installed libgmp10:arm64 2:6.3.0+dfsg-3
2026-05-11 16:46:49 status unpacked libgmp10:arm64 2:6.3.0+dfsg-3
2026-05-11 16:46:49 install libhogweed6t64:arm64 <none> 3.10.1-1
2026-05-11 16:46:49 status half-installed libhogweed6t64:arm64 3.10.1-1
2026-05-11 16:46:49 status unpacked libhogweed6t64:arm64 3.10.1-1
2026-05-11 16:46:50 install liblastlog2-2:arm64 <none> 2.41-5
2026-05-11 16:46:50 status half-installed liblastlog2-2:arm64 2.41-5
2026-05-11 16:46:50 status unpacked liblastlog2-2:arm64 2.41-5
2026-05-11 16:46:50 install liblz4-1:arm64 <none> 1.10.0-4
2026-05-11 16:46:50 status half-installed liblz4-1:arm64 1.10.0-4
2026-05-11 16:46:50 status unpacked liblz4-1:arm64 1.10.0-4
2026-05-11 16:46:50 install liblzma5:arm64 <none> 5.8.1-1
2026-05-11 16:46:50 status half-installed liblzma5:arm64 5.8.1-1
2026-05-11 16:46:50 status unpacked liblzma5:arm64 5.8.1-1
2026-05-11 16:46:51 install libmd0:arm64 <none> 1.1.0-2+b1
2026-05-11 16:46:51 status half-installed libmd0:arm64 1.1.0-2+b1
2026-05-11 16:46:51 status unpacked libmd0:arm64 1.1.0-2+b1
2026-05-11 16:46:51 install libmount1:arm64 <none> 2.41-5
2026-05-11 16:46:51 status half-installed libmount1:arm64 2.41-5
2026-05-11 16:46:51 status unpacked libmount1:arm64 2.41-5
2026-05-11 16:46:51 install libnettle8t64:arm64 <none> 3.10.1-1
2026-05-11 16:46:51 status half-installed libnettle8t64:arm64 3.10.1-1
2026-05-11 16:46:52 status unpacked libnettle8t64:arm64 3.10.1-1
2026-05-11 16:46:52 install libpam-modules:arm64 <none> 1.7.0-5
2026-05-11 16:46:52 status half-installed libpam-modules:arm64 1.7.0-5
2026-05-11 16:46:53 status unpacked libpam-modules:arm64 1.7.0-5
2026-05-11 16:46:53 install libpam-modules-bin:arm64 <none> 1.7.0-5
2026-05-11 16:46:53 status half-installed libpam-modules-bin:arm64 1.7.0-5
2026-05-11 16:46:53 status unpacked libpam-modules-bin:arm64 1.7.0-5
2026-05-11 16:46:54 install libpam-runtime:all <none> 1.7.0-5
2026-05-11 16:46:54 status half-installed libpam-runtime:all 1.7.0-5
2026-05-11 16:46:55 status unpacked libpam-runtime:all 1.7.0-5
2026-05-11 16:46:56 install libpam0g:arm64 <none> 1.7.0-5
2026-05-11 16:46:56 status half-installed libpam0g:arm64 1.7.0-5
2026-05-11 16:46:56 status unpacked libpam0g:arm64 1.7.0-5
2026-05-11 16:46:56 install libpcre2-8-0:arm64 <none> 10.46-1~deb13u1
2026-05-11 16:46:56 status half-installed libpcre2-8-0:arm64 10.46-1~deb13u1
2026-05-11 16:46:56 status unpacked libpcre2-8-0:arm64 10.46-1~deb13u1
2026-05-11 16:46:57 install libseccomp2:arm64 <none> 2.6.0-2
2026-05-11 16:46:57 status half-installed libseccomp2:arm64 2.6.0-2
2026-05-11 16:46:57 status unpacked libseccomp2:arm64 2.6.0-2
2026-05-11 16:46:57 install libselinux1:arm64 <none> 3.8.1-1
2026-05-11 16:46:57 status half-installed libselinux1:arm64 3.8.1-1
2026-05-11 16:46:57 status unpacked libselinux1:arm64 3.8.1-1
2026-05-11 16:46:57 install libsemanage-common:all <none> 3.8.1-1
2026-05-11 16:46:57 status half-installed libsemanage-common:all 3.8.1-1
2026-05-11 16:46:57 status unpacked libsemanage-common:all 3.8.1-1
2026-05-11 16:46:58 install libsemanage2:arm64 <none> 3.8.1-1
2026-05-11 16:46:58 status half-installed libsemanage2:arm64 3.8.1-1
2026-05-11 16:46:58 status unpacked libsemanage2:arm64 3.8.1-1
2026-05-11 16:46:58 install libsepol2:arm64 <none> 3.8.1-1
2026-05-11 16:46:58 status half-installed libsepol2:arm64 3.8.1-1
2026-05-11 16:46:58 status unpacked libsepol2:arm64 3.8.1-1
2026-05-11 16:46:58 install libsmartcols1:arm64 <none> 2.41-5
2026-05-11 16:46:58 status half-installed libsmartcols1:arm64 2.41-5
2026-05-11 16:46:58 status unpacked libsmartcols1:arm64 2.41-5
2026-05-11 16:46:59 install libsqlite3-0:arm64 <none> 3.46.1-7+deb13u1
2026-05-11 16:46:59 status half-installed libsqlite3-0:arm64 3.46.1-7+deb13u1
2026-05-11 16:46:59 status unpacked libsqlite3-0:arm64 3.46.1-7+deb13u1
2026-05-11 16:46:59 install libssl3t64:arm64 <none> 3.5.5-1~deb13u1
2026-05-11 16:46:59 status half-installed libssl3t64:arm64 3.5.5-1~deb13u1
2026-05-11 16:47:00 status unpacked libssl3t64:arm64 3.5.5-1~deb13u1
2026-05-11 16:47:00 install libstdc++6:arm64 <none> 14.2.0-19
2026-05-11 16:47:00 status half-installed libstdc++6:arm64 14.2.0-19
2026-05-11 16:47:00 status unpacked libstdc++6:arm64 14.2.0-19
2026-05-11 16:47:00 install libsystemd0:arm64 <none> 257.9-1~deb13u1
2026-05-11 16:47:00 status half-installed libsystemd0:arm64 257.9-1~deb13u1
2026-05-11 16:47:00 status unpacked libsystemd0:arm64 257.9-1~deb13u1
2026-05-11 16:47:01 install libtinfo6:arm64 <none> 6.5+20250216-2
2026-05-11 16:47:01 status half-installed libtinfo6:arm64 6.5+20250216-2
2026-05-11 16:47:01 status unpacked libtinfo6:arm64 6.5+20250216-2
2026-05-11 16:47:01 install libudev1:arm64 <none> 257.9-1~deb13u1
2026-05-11 16:47:01 status half-installed libudev1:arm64 257.9-1~deb13u1
2026-05-11 16:47:01 status unpacked libudev1:arm64 257.9-1~deb13u1
2026-05-11 16:47:01 install libuuid1:arm64 <none> 2.41-5
2026-05-11 16:47:01 status half-installed libuuid1:arm64 2.41-5
2026-05-11 16:47:02 status unpacked libuuid1:arm64 2.41-5
2026-05-11 16:47:02 install libxxhash0:arm64 <none> 0.8.3-2
2026-05-11 16:47:02 status half-installed libxxhash0:arm64 0.8.3-2
2026-05-11 16:47:02 status unpacked libxxhash0:arm64 0.8.3-2
2026-05-11 16:47:02 install libzstd1:arm64 <none> 1.5.7+dfsg-1
2026-05-11 16:47:02 status half-installed libzstd1:arm64 1.5.7+dfsg-1
2026-05-11 16:47:02 status unpacked libzstd1:arm64 1.5.7+dfsg-1
2026-05-11 16:47:03 install login:arm64 <none> 1:4.16.0-2+really2.41-5
2026-05-11 16:47:03 status half-installed login:arm64 1:4.16.0-2+really2.41-5
2026-05-11 16:47:03 status unpacked login:arm64 1:4.16.0-2+really2.41-5
2026-05-11 16:47:03 install login.defs:all <none> 1:4.17.4-2
2026-05-11 16:47:03 status half-installed login.defs:all 1:4.17.4-2
2026-05-11 16:47:04 status unpacked login.defs:all 1:4.17.4-2
2026-05-11 16:47:04 upgrade mawk:arm64 1.3.4.20250131-1 1.3.4.20250131-1
2026-05-11 16:47:04 status half-configured mawk:arm64 1.3.4.20250131-1
2026-05-11 16:47:04 status unpacked mawk:arm64 1.3.4.20250131-1
2026-05-11 16:47:04 status half-installed mawk:arm64 1.3.4.20250131-1
2026-05-11 16:47:04 status unpacked mawk:arm64 1.3.4.20250131-1
2026-05-11 16:47:05 install mount:arm64 <none> 2.41-5
2026-05-11 16:47:05 status half-installed mount:arm64 2.41-5
2026-05-11 16:47:05 status unpacked mount:arm64 2.41-5
2026-05-11 16:47:05 install ncurses-base:all <none> 6.5+20250216-2
2026-05-11 16:47:05 status half-installed ncurses-base:all 6.5+20250216-2
2026-05-11 16:47:06 status unpacked ncurses-base:all 6.5+20250216-2
2026-05-11 16:47:06 install ncurses-bin:arm64 <none> 6.5+20250216-2
2026-05-11 16:47:06 status half-installed ncurses-bin:arm64 6.5+20250216-2
2026-05-11 16:47:06 status unpacked ncurses-bin:arm64 6.5+20250216-2
2026-05-11 16:47:06 install openssl-provider-legacy:arm64 <none> 3.5.5-1~deb13u1
2026-05-11 16:47:06 status half-installed openssl-provider-legacy:arm64 3.5.5-1~deb13u1
2026-05-11 16:47:06 status unpacked openssl-provider-legacy:arm64 3.5.5-1~deb13u1
2026-05-11 16:47:07 install passwd:arm64 <none> 1:4.17.4-2
2026-05-11 16:47:07 status half-installed passwd:arm64 1:4.17.4-2
2026-05-11 16:47:10 status unpacked passwd:arm64 1:4.17.4-2
2026-05-11 16:47:10 upgrade perl-base:arm64 5.40.1-6 5.40.1-6
2026-05-11 16:47:10 status half-configured perl-base:arm64 5.40.1-6
2026-05-11 16:47:10 status unpacked perl-base:arm64 5.40.1-6
2026-05-11 16:47:10 status half-installed perl-base:arm64 5.40.1-6
2026-05-11 16:47:16 status unpacked perl-base:arm64 5.40.1-6
2026-05-11 16:47:18 install sed:arm64 <none> 4.9-2+b1
2026-05-11 16:47:18 status half-installed sed:arm64 4.9-2+b1
2026-05-11 16:47:19 status unpacked sed:arm64 4.9-2+b1
2026-05-11 16:47:19 install sqv:arm64 <none> 1.3.0-3+b2
2026-05-11 16:47:19 status half-installed sqv:arm64 1.3.0-3+b2
2026-05-11 16:47:19 status unpacked sqv:arm64 1.3.0-3+b2
2026-05-11 16:47:19 install sysvinit-utils:arm64 <none> 3.14-4
2026-05-11 16:47:19 status half-installed sysvinit-utils:arm64 3.14-4
2026-05-11 16:47:20 status unpacked sysvinit-utils:arm64 3.14-4
2026-05-11 16:47:20 install tar:arm64 <none> 1.35+dfsg-3.1
2026-05-11 16:47:20 status half-installed tar:arm64 1.35+dfsg-3.1
2026-05-11 16:47:20 status unpacked tar:arm64 1.35+dfsg-3.1
2026-05-11 16:47:21 install tzdata:all <none> 2026a-0+deb13u1
2026-05-11 16:47:21 status half-installed tzdata:all 2026a-0+deb13u1
2026-05-11 16:47:24 status unpacked tzdata:all 2026a-0+deb13u1
2026-05-11 16:47:26 install util-linux:arm64 <none> 2.41-5
2026-05-11 16:47:26 status half-installed util-linux:arm64 2.41-5
2026-05-11 16:47:27 status unpacked util-linux:arm64 2.41-5
2026-05-11 16:47:28 install zlib1g:arm64 <none> 1:1.3.dfsg+really1.3.1-1+b1
2026-05-11 16:47:28 status half-installed zlib1g:arm64 1:1.3.dfsg+really1.3.1-1+b1
2026-05-11 16:47:28 status unpacked zlib1g:arm64 1:1.3.dfsg+really1.3.1-1+b1
2026-05-11 16:47:28 startup packages configure
2026-05-11 16:47:28 configure gcc-14-base:arm64 14.2.0-19 <none>
2026-05-11 16:47:28 status unpacked gcc-14-base:arm64 14.2.0-19
2026-05-11 16:47:28 status half-configured gcc-14-base:arm64 14.2.0-19
2026-05-11 16:47:28 status installed gcc-14-base:arm64 14.2.0-19
2026-05-11 16:47:28 configure login.defs:all 1:4.17.4-2 <none>
2026-05-11 16:47:28 status unpacked login.defs:all 1:4.17.4-2
2026-05-11 16:47:29 status half-configured login.defs:all 1:4.17.4-2
2026-05-11 16:47:29 status installed login.defs:all 1:4.17.4-2
2026-05-11 16:47:29 configure debian-archive-keyring:all 2025.1 <none>
2026-05-11 16:47:29 status unpacked debian-archive-keyring:all 2025.1
2026-05-11 16:47:29 status half-configured debian-archive-keyring:all 2025.1
2026-05-11 16:47:29 status installed debian-archive-keyring:all 2025.1
2026-05-11 16:47:29 configure libaudit-common:all 1:4.0.2-2 <none>
2026-05-11 16:47:29 status unpacked libaudit-common:all 1:4.0.2-2
2026-05-11 16:47:29 status half-configured libaudit-common:all 1:4.0.2-2
2026-05-11 16:47:29 status installed libaudit-common:all 1:4.0.2-2
2026-05-11 16:47:29 configure libsemanage-common:all 3.8.1-1 <none>
2026-05-11 16:47:29 status unpacked libsemanage-common:all 3.8.1-1
2026-05-11 16:47:29 status half-configured libsemanage-common:all 3.8.1-1
2026-05-11 16:47:30 status installed libsemanage-common:all 3.8.1-1
2026-05-11 16:47:30 configure debconf:all 1.5.91 <none>
2026-05-11 16:47:30 status unpacked debconf:all 1.5.91
2026-05-11 16:47:30 status half-configured debconf:all 1.5.91
2026-05-11 16:47:30 status installed debconf:all 1.5.91
2026-05-11 16:47:30 configure tzdata:all 2026a-0+deb13u1 <none>
2026-05-11 16:47:30 status unpacked tzdata:all 2026a-0+deb13u1
2026-05-11 16:47:30 status half-configured tzdata:all 2026a-0+deb13u1
2026-05-11 16:47:31 status installed tzdata:all 2026a-0+deb13u1
2026-05-11 16:47:31 configure ncurses-base:all 6.5+20250216-2 <none>
2026-05-11 16:47:31 status unpacked ncurses-base:all 6.5+20250216-2
2026-05-11 16:47:31 status half-configured ncurses-base:all 6.5+20250216-2
2026-05-11 16:47:31 status installed ncurses-base:all 6.5+20250216-2
2026-05-11 16:47:31 configure init-system-helpers:all 1.69~deb13u1 <none>
2026-05-11 16:47:31 status unpacked init-system-helpers:all 1.69~deb13u1
2026-05-11 16:47:31 status half-configured init-system-helpers:all 1.69~deb13u1
2026-05-11 16:47:31 status installed init-system-helpers:all 1.69~deb13u1
2026-05-11 16:47:32 configure libgcc-s1:arm64 14.2.0-19 <none>
2026-05-11 16:47:32 status unpacked libgcc-s1:arm64 14.2.0-19
2026-05-11 16:47:32 status half-configured libgcc-s1:arm64 14.2.0-19
2026-05-11 16:47:32 status installed libgcc-s1:arm64 14.2.0-19
2026-05-11 16:47:32 configure libc6:arm64 2.41-12+deb13u2 <none>
2026-05-11 16:47:32 status unpacked libc6:arm64 2.41-12+deb13u2
2026-05-11 16:47:32 status half-configured libc6:arm64 2.41-12+deb13u2
2026-05-11 16:47:32 status installed libc6:arm64 2.41-12+deb13u2
2026-05-11 16:47:32 configure libdb5.3t64:arm64 5.3.28+dfsg2-9 <none>
2026-05-11 16:47:32 status unpacked libdb5.3t64:arm64 5.3.28+dfsg2-9
2026-05-11 16:47:32 status half-configured libdb5.3t64:arm64 5.3.28+dfsg2-9
2026-05-11 16:47:32 status installed libdb5.3t64:arm64 5.3.28+dfsg2-9
2026-05-11 16:47:32 configure libmd0:arm64 1.1.0-2+b1 <none>
2026-05-11 16:47:32 status unpacked libmd0:arm64 1.1.0-2+b1
2026-05-11 16:47:32 status half-configured libmd0:arm64 1.1.0-2+b1
2026-05-11 16:47:32 status installed libmd0:arm64 1.1.0-2+b1
2026-05-11 16:47:32 configure libxxhash0:arm64 0.8.3-2 <none>
2026-05-11 16:47:32 status unpacked libxxhash0:arm64 0.8.3-2
2026-05-11 16:47:32 status half-configured libxxhash0:arm64 0.8.3-2
2026-05-11 16:47:32 status installed libxxhash0:arm64 0.8.3-2
2026-05-11 16:47:32 configure libattr1:arm64 1:2.5.2-3 <none>
2026-05-11 16:47:32 status unpacked libattr1:arm64 1:2.5.2-3
2026-05-11 16:47:33 status half-configured libattr1:arm64 1:2.5.2-3
2026-05-11 16:47:33 status installed libattr1:arm64 1:2.5.2-3
2026-05-11 16:47:33 configure sysvinit-utils:arm64 3.14-4 <none>
2026-05-11 16:47:33 status unpacked sysvinit-utils:arm64 3.14-4
2026-05-11 16:47:33 status half-configured sysvinit-utils:arm64 3.14-4
2026-05-11 16:47:33 status installed sysvinit-utils:arm64 3.14-4
2026-05-11 16:47:33 configure debianutils:arm64 5.23.2 <none>
2026-05-11 16:47:33 status unpacked debianutils:arm64 5.23.2
2026-05-11 16:47:33 status half-configured debianutils:arm64 5.23.2
2026-05-11 16:47:33 status installed debianutils:arm64 5.23.2
2026-05-11 16:47:33 configure mawk:arm64 1.3.4.20250131-1 <none>
2026-05-11 16:47:33 status unpacked mawk:arm64 1.3.4.20250131-1
2026-05-11 16:47:33 status half-configured mawk:arm64 1.3.4.20250131-1
2026-05-11 16:47:33 status installed mawk:arm64 1.3.4.20250131-1
2026-05-11 16:47:33 configure libdebconfclient0:arm64 0.280 <none>
2026-05-11 16:47:33 status unpacked libdebconfclient0:arm64 0.280
2026-05-11 16:47:33 status half-configured libdebconfclient0:arm64 0.280
2026-05-11 16:47:33 status installed libdebconfclient0:arm64 0.280
2026-05-11 16:47:33 configure base-files:arm64 13.8+deb13u4 <none>
2026-05-11 16:47:33 status unpacked base-files:arm64 13.8+deb13u4
2026-05-11 16:47:34 status half-configured base-files:arm64 13.8+deb13u4
2026-05-11 16:47:34 status installed base-files:arm64 13.8+deb13u4
2026-05-11 16:47:34 configure libbz2-1.0:arm64 1.0.8-6 <none>
2026-05-11 16:47:34 status unpacked libbz2-1.0:arm64 1.0.8-6
2026-05-11 16:47:34 status half-configured libbz2-1.0:arm64 1.0.8-6
2026-05-11 16:47:34 status installed libbz2-1.0:arm64 1.0.8-6
2026-05-11 16:47:34 configure libbsd0:arm64 0.12.2-2 <none>
2026-05-11 16:47:34 status unpacked libbsd0:arm64 0.12.2-2
2026-05-11 16:47:34 status half-configured libbsd0:arm64 0.12.2-2
2026-05-11 16:47:34 status installed libbsd0:arm64 0.12.2-2
2026-05-11 16:47:34 configure libblkid1:arm64 2.41-5 <none>
2026-05-11 16:47:34 status unpacked libblkid1:arm64 2.41-5
2026-05-11 16:47:34 status half-configured libblkid1:arm64 2.41-5
2026-05-11 16:47:34 status installed libblkid1:arm64 2.41-5
2026-05-11 16:47:34 configure libstdc++6:arm64 14.2.0-19 <none>
2026-05-11 16:47:34 status unpacked libstdc++6:arm64 14.2.0-19
2026-05-11 16:47:34 status half-configured libstdc++6:arm64 14.2.0-19
2026-05-11 16:47:34 status installed libstdc++6:arm64 14.2.0-19
2026-05-11 16:47:34 configure dash:arm64 0.5.12-12 <none>
2026-05-11 16:47:34 status unpacked dash:arm64 0.5.12-12
2026-05-11 16:47:34 status half-configured dash:arm64 0.5.12-12
2026-05-11 16:47:35 status installed dash:arm64 0.5.12-12
2026-05-11 16:47:35 configure libtinfo6:arm64 6.5+20250216-2 <none>
2026-05-11 16:47:35 status unpacked libtinfo6:arm64 6.5+20250216-2
2026-05-11 16:47:35 status half-configured libtinfo6:arm64 6.5+20250216-2
2026-05-11 16:47:35 status installed libtinfo6:arm64 6.5+20250216-2
2026-05-11 16:47:35 configure bash:arm64 5.2.37-2+b8 <none>
2026-05-11 16:47:35 status unpacked bash:arm64 5.2.37-2+b8
2026-05-11 16:47:35 status half-configured bash:arm64 5.2.37-2+b8
2026-05-11 16:47:35 status installed bash:arm64 5.2.37-2+b8
2026-05-11 16:47:35 configure libzstd1:arm64 1.5.7+dfsg-1 <none>
2026-05-11 16:47:35 status unpacked libzstd1:arm64 1.5.7+dfsg-1
2026-05-11 16:47:35 status half-configured libzstd1:arm64 1.5.7+dfsg-1
2026-05-11 16:47:35 status installed libzstd1:arm64 1.5.7+dfsg-1
2026-05-11 16:47:35 configure liblzma5:arm64 5.8.1-1 <none>
2026-05-11 16:47:35 status unpacked liblzma5:arm64 5.8.1-1
2026-05-11 16:47:35 status half-configured liblzma5:arm64 5.8.1-1
2026-05-11 16:47:35 status installed liblzma5:arm64 5.8.1-1
2026-05-11 16:47:35 configure liblz4-1:arm64 1.10.0-4 <none>
2026-05-11 16:47:35 status unpacked liblz4-1:arm64 1.10.0-4
2026-05-11 16:47:35 status half-configured liblz4-1:arm64 1.10.0-4
2026-05-11 16:47:35 status installed liblz4-1:arm64 1.10.0-4
2026-05-11 16:47:35 configure libc-bin:arm64 2.41-12+deb13u2 <none>
2026-05-11 16:47:35 status unpacked libc-bin:arm64 2.41-12+deb13u2
2026-05-11 16:47:36 status half-configured libc-bin:arm64 2.41-12+deb13u2
2026-05-11 16:47:36 status installed libc-bin:arm64 2.41-12+deb13u2
2026-05-11 16:47:36 configure libsqlite3-0:arm64 3.46.1-7+deb13u1 <none>
2026-05-11 16:47:36 status triggers-pending libc-bin:arm64 2.41-12+deb13u2
2026-05-11 16:47:36 status unpacked libsqlite3-0:arm64 3.46.1-7+deb13u1
2026-05-11 16:47:36 status half-configured libsqlite3-0:arm64 3.46.1-7+deb13u1
2026-05-11 16:47:36 status installed libsqlite3-0:arm64 3.46.1-7+deb13u1
2026-05-11 16:47:36 configure ncurses-bin:arm64 6.5+20250216-2 <none>
2026-05-11 16:47:36 status unpacked ncurses-bin:arm64 6.5+20250216-2
2026-05-11 16:47:36 status half-configured ncurses-bin:arm64 6.5+20250216-2
2026-05-11 16:47:36 status installed ncurses-bin:arm64 6.5+20250216-2
2026-05-11 16:47:36 configure libacl1:arm64 2.3.2-2+b1 <none>
2026-05-11 16:47:36 status unpacked libacl1:arm64 2.3.2-2+b1
2026-05-11 16:47:36 status half-configured libacl1:arm64 2.3.2-2+b1
2026-05-11 16:47:36 status installed libacl1:arm64 2.3.2-2+b1
2026-05-11 16:47:36 configure libsmartcols1:arm64 2.41-5 <none>
2026-05-11 16:47:36 status unpacked libsmartcols1:arm64 2.41-5
2026-05-11 16:47:36 status half-configured libsmartcols1:arm64 2.41-5
2026-05-11 16:47:36 status installed libsmartcols1:arm64 2.41-5
2026-05-11 16:47:36 configure zlib1g:arm64 1:1.3.dfsg+really1.3.1-1+b1 <none>
2026-05-11 16:47:36 status unpacked zlib1g:arm64 1:1.3.dfsg+really1.3.1-1+b1
2026-05-11 16:47:36 status half-configured zlib1g:arm64 1:1.3.dfsg+really1.3.1-1+b1
2026-05-11 16:47:36 status installed zlib1g:arm64 1:1.3.dfsg+really1.3.1-1+b1
2026-05-11 16:47:36 configure libcrypt1:arm64 1:4.4.38-1 <none>
2026-05-11 16:47:36 status unpacked libcrypt1:arm64 1:4.4.38-1
2026-05-11 16:47:36 status half-configured libcrypt1:arm64 1:4.4.38-1
2026-05-11 16:47:36 status installed libcrypt1:arm64 1:4.4.38-1
2026-05-11 16:47:36 configure diffutils:arm64 1:3.10-4 <none>
2026-05-11 16:47:36 status unpacked diffutils:arm64 1:3.10-4
2026-05-11 16:47:36 status half-configured diffutils:arm64 1:3.10-4
2026-05-11 16:47:36 status installed diffutils:arm64 1:3.10-4
2026-05-11 16:47:36 configure libseccomp2:arm64 2.6.0-2 <none>
2026-05-11 16:47:36 status unpacked libseccomp2:arm64 2.6.0-2
2026-05-11 16:47:36 status half-configured libseccomp2:arm64 2.6.0-2
2026-05-11 16:47:36 status installed libseccomp2:arm64 2.6.0-2
2026-05-11 16:47:36 configure libcap2:arm64 1:2.75-10+b8 <none>
2026-05-11 16:47:36 status unpacked libcap2:arm64 1:2.75-10+b8
2026-05-11 16:47:36 status half-configured libcap2:arm64 1:2.75-10+b8
2026-05-11 16:47:36 status installed libcap2:arm64 1:2.75-10+b8
2026-05-11 16:47:36 configure perl-base:arm64 5.40.1-6 <none>
2026-05-11 16:47:36 status unpacked perl-base:arm64 5.40.1-6
2026-05-11 16:47:36 status half-configured perl-base:arm64 5.40.1-6
2026-05-11 16:47:36 status installed perl-base:arm64 5.40.1-6
2026-05-11 16:47:36 configure openssl-provider-legacy:arm64 3.5.5-1~deb13u1 <none>
2026-05-11 16:47:36 status unpacked openssl-provider-legacy:arm64 3.5.5-1~deb13u1
2026-05-11 16:47:36 status half-configured openssl-provider-legacy:arm64 3.5.5-1~deb13u1
2026-05-11 16:47:36 status installed openssl-provider-legacy:arm64 3.5.5-1~deb13u1
2026-05-11 16:47:36 configure hostname:arm64 3.25 <none>
2026-05-11 16:47:36 status unpacked hostname:arm64 3.25
2026-05-11 16:47:36 status half-configured hostname:arm64 3.25
2026-05-11 16:47:36 status installed hostname:arm64 3.25
2026-05-11 16:47:36 configure libcap-ng0:arm64 0.8.5-4+b1 <none>
2026-05-11 16:47:36 status unpacked libcap-ng0:arm64 0.8.5-4+b1
2026-05-11 16:47:36 status half-configured libcap-ng0:arm64 0.8.5-4+b1
2026-05-11 16:47:36 status installed libcap-ng0:arm64 0.8.5-4+b1
2026-05-11 16:47:36 configure libnettle8t64:arm64 3.10.1-1 <none>
2026-05-11 16:47:36 status unpacked libnettle8t64:arm64 3.10.1-1
2026-05-11 16:47:36 status half-configured libnettle8t64:arm64 3.10.1-1
2026-05-11 16:47:36 status installed libnettle8t64:arm64 3.10.1-1
2026-05-11 16:47:36 configure libgmp10:arm64 2:6.3.0+dfsg-3 <none>
2026-05-11 16:47:36 status unpacked libgmp10:arm64 2:6.3.0+dfsg-3
2026-05-11 16:47:36 status half-configured libgmp10:arm64 2:6.3.0+dfsg-3
2026-05-11 16:47:36 status installed libgmp10:arm64 2:6.3.0+dfsg-3
2026-05-11 16:47:36 configure libaudit1:arm64 1:4.0.2-2+b2 <none>
2026-05-11 16:47:36 status unpacked libaudit1:arm64 1:4.0.2-2+b2
2026-05-11 16:47:36 status half-configured libaudit1:arm64 1:4.0.2-2+b2
2026-05-11 16:47:36 status installed libaudit1:arm64 1:4.0.2-2+b2
2026-05-11 16:47:36 configure gzip:arm64 1.13-1 <none>
2026-05-11 16:47:36 status unpacked gzip:arm64 1.13-1
2026-05-11 16:47:36 status half-configured gzip:arm64 1.13-1
2026-05-11 16:47:38 status installed gzip:arm64 1.13-1
2026-05-11 16:47:38 configure libuuid1:arm64 2.41-5 <none>
2026-05-11 16:47:38 status unpacked libuuid1:arm64 2.41-5
2026-05-11 16:47:38 status half-configured libuuid1:arm64 2.41-5
2026-05-11 16:47:38 status installed libuuid1:arm64 2.41-5
2026-05-11 16:47:38 configure libsepol2:arm64 3.8.1-1 <none>
2026-05-11 16:47:38 status unpacked libsepol2:arm64 3.8.1-1
2026-05-11 16:47:38 status half-configured libsepol2:arm64 3.8.1-1
2026-05-11 16:47:38 status installed libsepol2:arm64 3.8.1-1
2026-05-11 16:47:38 configure libpcre2-8-0:arm64 10.46-1~deb13u1 <none>
2026-05-11 16:47:38 status unpacked libpcre2-8-0:arm64 10.46-1~deb13u1
2026-05-11 16:47:38 status half-configured libpcre2-8-0:arm64 10.46-1~deb13u1
2026-05-11 16:47:38 status installed libpcre2-8-0:arm64 10.46-1~deb13u1
2026-05-11 16:47:38 configure libudev1:arm64 257.9-1~deb13u1 <none>
2026-05-11 16:47:38 status unpacked libudev1:arm64 257.9-1~deb13u1
2026-05-11 16:47:38 status half-configured libudev1:arm64 257.9-1~deb13u1
2026-05-11 16:47:38 status installed libudev1:arm64 257.9-1~deb13u1
2026-05-11 16:47:38 configure libhogweed6t64:arm64 3.10.1-1 <none>
2026-05-11 16:47:38 status unpacked libhogweed6t64:arm64 3.10.1-1
2026-05-11 16:47:38 status half-configured libhogweed6t64:arm64 3.10.1-1
2026-05-11 16:47:38 status installed libhogweed6t64:arm64 3.10.1-1
2026-05-11 16:47:38 configure sqv:arm64 1.3.0-3+b2 <none>
2026-05-11 16:47:38 status unpacked sqv:arm64 1.3.0-3+b2
2026-05-11 16:47:38 status half-configured sqv:arm64 1.3.0-3+b2
2026-05-11 16:47:38 status installed sqv:arm64 1.3.0-3+b2
2026-05-11 16:47:38 configure grep:arm64 3.11-4+b1 <none>
2026-05-11 16:47:38 status unpacked grep:arm64 3.11-4+b1
2026-05-11 16:47:38 status half-configured grep:arm64 3.11-4+b1
2026-05-11 16:47:38 status installed grep:arm64 3.11-4+b1
2026-05-11 16:47:38 configure libssl3t64:arm64 3.5.5-1~deb13u1 <none>
2026-05-11 16:47:38 status unpacked libssl3t64:arm64 3.5.5-1~deb13u1
2026-05-11 16:47:38 status half-configured libssl3t64:arm64 3.5.5-1~deb13u1
2026-05-11 16:47:38 status installed libssl3t64:arm64 3.5.5-1~deb13u1
2026-05-11 16:47:38 configure liblastlog2-2:arm64 2.41-5 <none>
2026-05-11 16:47:38 status unpacked liblastlog2-2:arm64 2.41-5
2026-05-11 16:47:38 status half-configured liblastlog2-2:arm64 2.41-5
2026-05-11 16:47:38 status installed liblastlog2-2:arm64 2.41-5
2026-05-11 16:47:38 configure libsystemd0:arm64 257.9-1~deb13u1 <none>
2026-05-11 16:47:38 status unpacked libsystemd0:arm64 257.9-1~deb13u1
2026-05-11 16:47:38 status half-configured libsystemd0:arm64 257.9-1~deb13u1
2026-05-11 16:47:39 status installed libsystemd0:arm64 257.9-1~deb13u1
2026-05-11 16:47:39 configure libselinux1:arm64 3.8.1-1 <none>
2026-05-11 16:47:39 status unpacked libselinux1:arm64 3.8.1-1
2026-05-11 16:47:39 status half-configured libselinux1:arm64 3.8.1-1
2026-05-11 16:47:39 status installed libselinux1:arm64 3.8.1-1
2026-05-11 16:47:39 configure libpam0g:arm64 1.7.0-5 <none>
2026-05-11 16:47:39 status unpacked libpam0g:arm64 1.7.0-5
2026-05-11 16:47:39 status half-configured libpam0g:arm64 1.7.0-5
2026-05-11 16:47:40 status installed libpam0g:arm64 1.7.0-5
2026-05-11 16:47:40 configure sed:arm64 4.9-2+b1 <none>
2026-05-11 16:47:40 status unpacked sed:arm64 4.9-2+b1
2026-05-11 16:47:40 status half-configured sed:arm64 4.9-2+b1
2026-05-11 16:47:40 status installed sed:arm64 4.9-2+b1
2026-05-11 16:47:40 configure findutils:arm64 4.10.0-3 <none>
2026-05-11 16:47:40 status unpacked findutils:arm64 4.10.0-3
2026-05-11 16:47:40 status half-configured findutils:arm64 4.10.0-3
2026-05-11 16:47:40 status installed findutils:arm64 4.10.0-3
2026-05-11 16:47:40 configure libmount1:arm64 2.41-5 <none>
2026-05-11 16:47:40 status unpacked libmount1:arm64 2.41-5
2026-05-11 16:47:40 status half-configured libmount1:arm64 2.41-5
2026-05-11 16:47:40 status installed libmount1:arm64 2.41-5
2026-05-11 16:47:40 configure libsemanage2:arm64 3.8.1-1 <none>
2026-05-11 16:47:40 status unpacked libsemanage2:arm64 3.8.1-1
2026-05-11 16:47:40 status half-configured libsemanage2:arm64 3.8.1-1
2026-05-11 16:47:40 status installed libsemanage2:arm64 3.8.1-1
2026-05-11 16:47:40 configure libapt-pkg7.0:arm64 3.0.3 <none>
2026-05-11 16:47:40 status unpacked libapt-pkg7.0:arm64 3.0.3
2026-05-11 16:47:40 status half-configured libapt-pkg7.0:arm64 3.0.3
2026-05-11 16:47:40 status installed libapt-pkg7.0:arm64 3.0.3
2026-05-11 16:47:40 configure base-passwd:arm64 3.6.7 <none>
2026-05-11 16:47:40 status unpacked base-passwd:arm64 3.6.7
2026-05-11 16:47:40 status half-configured base-passwd:arm64 3.6.7
2026-05-11 16:47:41 status installed base-passwd:arm64 3.6.7
2026-05-11 16:47:41 configure apt:arm64 3.0.3 <none>
2026-05-11 16:47:41 status unpacked apt:arm64 3.0.3
2026-05-11 16:47:41 status half-configured apt:arm64 3.0.3
2026-05-11 16:47:44 status installed apt:arm64 3.0.3
2026-05-11 16:47:44 configure bsdutils:arm64 1:2.41-5 <none>
2026-05-11 16:47:44 status unpacked bsdutils:arm64 1:2.41-5
2026-05-11 16:47:44 status half-configured bsdutils:arm64 1:2.41-5
2026-05-11 16:47:44 status installed bsdutils:arm64 1:2.41-5
2026-05-11 16:47:44 configure tar:arm64 1.35+dfsg-3.1 <none>
2026-05-11 16:47:44 status unpacked tar:arm64 1.35+dfsg-3.1
2026-05-11 16:47:44 status half-configured tar:arm64 1.35+dfsg-3.1
2026-05-11 16:47:44 status installed tar:arm64 1.35+dfsg-3.1
2026-05-11 16:47:44 configure libpam-modules-bin:arm64 1.7.0-5 <none>
2026-05-11 16:47:44 status unpacked libpam-modules-bin:arm64 1.7.0-5
2026-05-11 16:47:44 status half-configured libpam-modules-bin:arm64 1.7.0-5
2026-05-11 16:47:44 status installed libpam-modules-bin:arm64 1.7.0-5
2026-05-11 16:47:44 configure coreutils:arm64 9.7-3 <none>
2026-05-11 16:47:44 status unpacked coreutils:arm64 9.7-3
2026-05-11 16:47:44 status half-configured coreutils:arm64 9.7-3
2026-05-11 16:47:44 status installed coreutils:arm64 9.7-3
2026-05-11 16:47:44 configure dpkg:arm64 1.22.22 <none>
2026-05-11 16:47:44 status unpacked dpkg:arm64 1.22.22
2026-05-11 16:47:44 status half-configured dpkg:arm64 1.22.22
2026-05-11 16:47:46 status installed dpkg:arm64 1.22.22
2026-05-11 16:47:46 configure mount:arm64 2.41-5 <none>
2026-05-11 16:47:46 status unpacked mount:arm64 2.41-5
2026-05-11 16:47:46 status half-configured mount:arm64 2.41-5
2026-05-11 16:47:46 status installed mount:arm64 2.41-5
2026-05-11 16:47:46 configure libpam-modules:arm64 1.7.0-5 <none>
2026-05-11 16:47:46 status unpacked libpam-modules:arm64 1.7.0-5
2026-05-11 16:47:46 status half-configured libpam-modules:arm64 1.7.0-5
2026-05-11 16:47:46 status installed libpam-modules:arm64 1.7.0-5
2026-05-11 16:47:46 configure passwd:arm64 1:4.17.4-2 <none>
2026-05-11 16:47:46 status unpacked passwd:arm64 1:4.17.4-2
2026-05-11 16:47:46 status half-configured passwd:arm64 1:4.17.4-2
2026-05-11 16:47:46 status installed passwd:arm64 1:4.17.4-2
2026-05-11 16:47:47 configure libpam-runtime:all 1.7.0-5 <none>
2026-05-11 16:47:47 status unpacked libpam-runtime:all 1.7.0-5
2026-05-11 16:47:47 status half-configured libpam-runtime:all 1.7.0-5
2026-05-11 16:47:48 status installed libpam-runtime:all 1.7.0-5
2026-05-11 16:47:48 configure login:arm64 1:4.16.0-2+really2.41-5 <none>
2026-05-11 16:47:48 status unpacked login:arm64 1:4.16.0-2+really2.41-5
2026-05-11 16:47:48 status half-configured login:arm64 1:4.16.0-2+really2.41-5
2026-05-11 16:47:48 status installed login:arm64 1:4.16.0-2+really2.41-5
2026-05-11 16:47:48 configure util-linux:arm64 2.41-5 <none>
2026-05-11 16:47:48 status unpacked util-linux:arm64 2.41-5
2026-05-11 16:47:48 status half-configured util-linux:arm64 2.41-5
2026-05-11 16:47:49 status installed util-linux:arm64 2.41-5
2026-05-11 16:47:49 trigproc libc-bin:arm64 2.41-12+deb13u2 <none>
2026-05-11 16:47:49 status half-configured libc-bin:arm64 2.41-12+deb13u2
2026-05-11 16:47:49 status installed libc-bin:arm64 2.41-12+deb13u2
